\BOOKMARK [0][-]{part.1}{\376\377\000I\000\040\000C\000H\000A\000P\000T\000E\000R\000\040\000A\000R\000C\000H\000I\000T\000E\000C\000T\000U\000R\000E}{}% 1
\BOOKMARK [1][-]{section.1}{\376\377\000H\000i\000e\000r\000a\000r\000c\000h\000i\000c\000a\000l\000\040\000C\000h\000a\000p\000t\000e\000r\000\040\000O\000u\000t\000l\000i\000n\000e}{part.1}% 2
\BOOKMARK [1][-]{section.2}{\376\377\000S\000l\000i\000d\000e\000\040\000C\000o\000u\000n\000t\000\040\000A\000l\000l\000o\000c\000a\000t\000i\000o\000n}{part.1}% 3
\BOOKMARK [0][-]{part.2}{\376\377\000I\000I\000\040\000L\000A\000Y\000E\000R\000E\000D\000\040\000C\000O\000N\000T\000E\000N\000T\000\040\000S\000T\000R\000U\000C\000T\000U\000R\000E}{}% 4
\BOOKMARK [1][-]{section.3}{\376\377\000S\000e\000c\000t\000i\000o\000n\000\040\0002\000.\0001\000:\000\040\000I\000n\000t\000r\000o\000d\000u\000c\000t\000i\000o\000n\000\040\040\024\000\040\000W\000h\000y\000\040\000D\000i\000s\000t\000r\000i\000b\000u\000t\000i\000o\000n\000s\000\040\000M\000a\000t\000t\000e\000r}{part.2}% 5
\BOOKMARK [2][-]{subsection.3.1}{\376\377\000Y\000e\000a\000r\000\040\0003\000\040\000C\000o\000r\000e}{section.3}% 6
\BOOKMARK [2][-]{subsection.3.2}{\376\377\000M\000a\000s\000t\000e\000r\000\040\000E\000x\000t\000e\000n\000s\000i\000o\000n}{section.3}% 7
\BOOKMARK [2][-]{subsection.3.3}{\376\377\000P\000h\000D\000\040\000E\000x\000t\000e\000n\000s\000i\000o\000n}{section.3}% 8
\BOOKMARK [1][-]{section.4}{\376\377\000S\000e\000c\000t\000i\000o\000n\000\040\0002\000.\0002\000:\000\040\000F\000r\000o\000m\000\040\000P\000r\000i\000c\000e\000s\000\040\000t\000o\000\040\000L\000o\000g\000-\000R\000e\000t\000u\000r\000n\000s}{part.2}% 9
\BOOKMARK [2][-]{subsection.4.1}{\376\377\000Y\000e\000a\000r\000\040\0003\000\040\000C\000o\000r\000e}{section.4}% 10
\BOOKMARK [2][-]{subsection.4.2}{\376\377\000M\000a\000s\000t\000e\000r\000\040\000E\000x\000t\000e\000n\000s\000i\000o\000n}{section.4}% 11
\BOOKMARK [2][-]{subsection.4.3}{\376\377\000P\000h\000D\000\040\000E\000x\000t\000e\000n\000s\000i\000o\000n}{section.4}% 12
\BOOKMARK [1][-]{section.5}{\376\377\000S\000e\000c\000t\000i\000o\000n\000\040\0002\000.\0003\000:\000\040\000T\000h\000e\000\040\000N\000o\000r\000m\000a\000l\000\040\000D\000i\000s\000t\000r\000i\000b\000u\000t\000i\000o\000n}{part.2}% 13
\BOOKMARK [2][-]{subsection.5.1}{\376\377\000Y\000e\000a\000r\000\040\0003\000\040\000C\000o\000r\000e}{section.5}% 14
\BOOKMARK [2][-]{subsection.5.2}{\376\377\000M\000a\000s\000t\000e\000r\000\040\000E\000x\000t\000e\000n\000s\000i\000o\000n}{section.5}% 15
\BOOKMARK [2][-]{subsection.5.3}{\376\377\000P\000h\000D\000\040\000E\000x\000t\000e\000n\000s\000i\000o\000n}{section.5}% 16
\BOOKMARK [1][-]{section.6}{\376\377\000S\000e\000c\000t\000i\000o\000n\000\040\0002\000.\0004\000:\000\040\000S\000t\000y\000l\000i\000z\000e\000d\000\040\000F\000a\000c\000t\000s\000\040\000o\000f\000\040\000F\000i\000n\000a\000n\000c\000i\000a\000l\000\040\000R\000e\000t\000u\000r\000n\000s}{part.2}% 17
\BOOKMARK [2][-]{subsection.6.1}{\376\377\000Y\000e\000a\000r\000\040\0003\000\040\000C\000o\000r\000e}{section.6}% 18
\BOOKMARK [2][-]{subsection.6.2}{\376\377\000M\000a\000s\000t\000e\000r\000\040\000E\000x\000t\000e\000n\000s\000i\000o\000n}{section.6}% 19
\BOOKMARK [2][-]{subsection.6.3}{\376\377\000P\000h\000D\000\040\000E\000x\000t\000e\000n\000s\000i\000o\000n}{section.6}% 20
\BOOKMARK [1][-]{section.7}{\376\377\000S\000e\000c\000t\000i\000o\000n\000\040\0002\000.\0005\000:\000\040\000T\000h\000e\000\040\000S\000t\000u\000d\000e\000n\000t\000-\000t\000\040\000D\000i\000s\000t\000r\000i\000b\000u\000t\000i\000o\000n}{part.2}% 21
\BOOKMARK [2][-]{subsection.7.1}{\376\377\000Y\000e\000a\000r\000\040\0003\000\040\000C\000o\000r\000e}{section.7}% 22
\BOOKMARK [2][-]{subsection.7.2}{\376\377\000M\000a\000s\000t\000e\000r\000\040\000E\000x\000t\000e\000n\000s\000i\000o\000n}{section.7}% 23
\BOOKMARK [2][-]{subsection.7.3}{\376\377\000P\000h\000D\000\040\000E\000x\000t\000e\000n\000s\000i\000o\000n}{section.7}% 24
\BOOKMARK [1][-]{section.8}{\376\377\000S\000e\000c\000t\000i\000o\000n\000\040\0002\000.\0006\000:\000\040\000A\000s\000y\000m\000m\000e\000t\000r\000i\000c\000\040\000D\000i\000s\000t\000r\000i\000b\000u\000t\000i\000o\000n\000s}{part.2}% 25
\BOOKMARK [2][-]{subsection.8.1}{\376\377\000Y\000e\000a\000r\000\040\0003\000\040\000C\000o\000r\000e}{section.8}% 26
\BOOKMARK [2][-]{subsection.8.2}{\376\377\000M\000a\000s\000t\000e\000r\000\040\000E\000x\000t\000e\000n\000s\000i\000o\000n}{section.8}% 27
\BOOKMARK [2][-]{subsection.8.3}{\376\377\000P\000h\000D\000\040\000E\000x\000t\000e\000n\000s\000i\000o\000n}{section.8}% 28
\BOOKMARK [1][-]{section.9}{\376\377\000S\000e\000c\000t\000i\000o\000n\000\040\0002\000.\0007\000:\000\040\000S\000t\000a\000b\000l\000e\000\040\000\050\000-\000S\000t\000a\000b\000l\000e\000\051\000\040\000D\000i\000s\000t\000r\000i\000b\000u\000t\000i\000o\000n\000s\000\040\000[\000M\000A\000N\000D\000A\000T\000O\000R\000Y\000]}{part.2}% 29
\BOOKMARK [2][-]{subsection.9.1}{\376\377\000Y\000e\000a\000r\000\040\0003\000\040\000C\000o\000r\000e}{section.9}% 30
\BOOKMARK [2][-]{subsection.9.2}{\376\377\000M\000a\000s\000t\000e\000r\000\040\000E\000x\000t\000e\000n\000s\000i\000o\000n}{section.9}% 31
\BOOKMARK [2][-]{subsection.9.3}{\376\377\000P\000h\000D\000\040\000E\000x\000t\000e\000n\000s\000i\000o\000n}{section.9}% 32
\BOOKMARK [1][-]{section.10}{\376\377\000S\000e\000c\000t\000i\000o\000n\000\040\0002\000.\0008\000:\000\040\000E\000x\000t\000r\000e\000m\000e\000\040\000V\000a\000l\000u\000e\000\040\000T\000h\000e\000o\000r\000y\000\040\000\050\000E\000V\000T\000\051}{part.2}% 33
\BOOKMARK [2][-]{subsection.10.1}{\376\377\000Y\000e\000a\000r\000\040\0003\000\040\000C\000o\000r\000e}{section.10}% 34
\BOOKMARK [2][-]{subsection.10.2}{\376\377\000M\000a\000s\000t\000e\000r\000\040\000E\000x\000t\000e\000n\000s\000i\000o\000n}{section.10}% 35
\BOOKMARK [2][-]{subsection.10.3}{\376\377\000P\000h\000D\000\040\000E\000x\000t\000e\000n\000s\000i\000o\000n}{section.10}% 36
\BOOKMARK [1][-]{section.11}{\376\377\000S\000e\000c\000t\000i\000o\000n\000\040\0002\000.\0009\000:\000\040\000D\000i\000s\000t\000r\000i\000b\000u\000t\000i\000o\000n\000\040\000C\000o\000m\000p\000a\000r\000i\000s\000o\000n}{part.2}% 37
\BOOKMARK [2][-]{subsection.11.1}{\376\377\000Y\000e\000a\000r\000\040\0003\000\040\000C\000o\000r\000e}{section.11}% 38
\BOOKMARK [2][-]{subsection.11.2}{\376\377\000M\000a\000s\000t\000e\000r\000\040\000E\000x\000t\000e\000n\000s\000i\000o\000n}{section.11}% 39
\BOOKMARK [2][-]{subsection.11.3}{\376\377\000P\000h\000D\000\040\000E\000x\000t\000e\000n\000s\000i\000o\000n}{section.11}% 40
\BOOKMARK [1][-]{section.12}{\376\377\000S\000e\000c\000t\000i\000o\000n\000\040\0002\000.\0001\0000\000:\000\040\000R\000i\000s\000k\000\040\000M\000a\000n\000a\000g\000e\000m\000e\000n\000t\000\040\000I\000m\000p\000l\000i\000c\000a\000t\000i\000o\000n\000s}{part.2}% 41
\BOOKMARK [2][-]{subsection.12.1}{\376\377\000Y\000e\000a\000r\000\040\0003\000\040\000C\000o\000r\000e\000\040\040\024\000\040\000I\000n\000t\000r\000o\000d\000u\000c\000i\000n\000g\000\040\000V\000a\000R\000\040\000f\000r\000o\000m\000\040\000S\000c\000r\000a\000t\000c\000h}{section.12}% 42
\BOOKMARK [2][-]{subsection.12.2}{\376\377\000M\000a\000s\000t\000e\000r\000\040\000E\000x\000t\000e\000n\000s\000i\000o\000n\000\040\040\024\000\040\000E\000x\000p\000e\000c\000t\000e\000d\000\040\000S\000h\000o\000r\000t\000f\000a\000l\000l\000\040\000a\000n\000d\000\040\000B\000a\000c\000k\000t\000e\000s\000t\000i\000n\000g}{section.12}% 43
\BOOKMARK [2][-]{subsection.12.3}{\376\377\000P\000h\000D\000\040\000E\000x\000t\000e\000n\000s\000i\000o\000n}{section.12}% 44
\BOOKMARK [1][-]{section.13}{\376\377\000S\000e\000c\000t\000i\000o\000n\000\040\0002\000.\0001\0001\000:\000\040\000M\000o\000d\000e\000r\000n\000\040\000E\000x\000t\000e\000n\000s\000i\000o\000n\000s}{part.2}% 45
\BOOKMARK [2][-]{subsection.13.1}{\376\377\000Y\000e\000a\000r\000\040\0003\000\040\000C\000o\000r\000e}{section.13}% 46
\BOOKMARK [2][-]{subsection.13.2}{\376\377\000M\000a\000s\000t\000e\000r\000\040\000E\000x\000t\000e\000n\000s\000i\000o\000n}{section.13}% 47
\BOOKMARK [2][-]{subsection.13.3}{\376\377\000P\000h\000D\000\040\000E\000x\000t\000e\000n\000s\000i\000o\000n}{section.13}% 48
\BOOKMARK [0][-]{part.3}{\376\377\000I\000I\000I\000\040\000K\000E\000Y\000\040\000F\000O\000R\000M\000U\000L\000A\000S}{}% 49
\BOOKMARK [1][-]{section.14}{\376\377\000C\000o\000m\000p\000l\000e\000t\000e\000\040\000F\000o\000r\000m\000u\000l\000a\000\040\000R\000e\000f\000e\000r\000e\000n\000c\000e}{part.3}% 50
\BOOKMARK [2][-]{subsection.14.1}{\376\377\000R\000e\000t\000u\000r\000n\000s\000\040\000a\000n\000d\000\040\000M\000o\000m\000e\000n\000t\000s}{section.14}% 51
\BOOKMARK [2][-]{subsection.14.2}{\376\377\000D\000i\000s\000t\000r\000i\000b\000u\000t\000i\000o\000n\000\040\000P\000D\000F\000s}{section.14}% 52
\BOOKMARK [2][-]{subsection.14.3}{\376\377\000S\000t\000a\000b\000l\000e\000\040\000D\000i\000s\000t\000r\000i\000b\000u\000t\000i\000o\000n\000s}{section.14}% 53
\BOOKMARK [2][-]{subsection.14.4}{\376\377\000E\000x\000t\000r\000e\000m\000e\000\040\000V\000a\000l\000u\000e\000\040\000T\000h\000e\000o\000r\000y}{section.14}% 54
\BOOKMARK [2][-]{subsection.14.5}{\376\377\000R\000i\000s\000k\000\040\000M\000e\000a\000s\000u\000r\000e\000s}{section.14}% 55
\BOOKMARK [2][-]{subsection.14.6}{\376\377\000M\000o\000d\000e\000l\000\040\000S\000e\000l\000e\000c\000t\000i\000o\000n}{section.14}% 56
\BOOKMARK [0][-]{part.4}{\376\377\000I\000V\000\040\000E\000M\000P\000I\000R\000I\000C\000A\000L\000\040\000I\000L\000L\000U\000S\000T\000R\000A\000T\000I\000O\000N\000S}{}% 57
\BOOKMARK [1][-]{section.15}{\376\377\000R\000e\000q\000u\000i\000r\000e\000d\000\040\000G\000r\000a\000p\000h\000s\000\040\040\024\000\040\000M\000a\000p\000p\000i\000n\000g\000\040\000t\000o\000\040\000E\000x\000i\000s\000t\000i\000n\000g\000\040\000C\000h\000a\000r\000t\000s}{part.4}% 58
\BOOKMARK [2][-]{subsection.15.1}{\376\377\000A\000d\000d\000i\000t\000i\000o\000n\000a\000l\000\040\000G\000r\000a\000p\000h\000s\000\040\000N\000e\000e\000d\000e\000d}{section.15}% 59
\BOOKMARK [0][-]{part.5}{\376\377\000V\000\040\000Q\000U\000A\000N\000T\000L\000E\000T\000\040\000P\000L\000A\000N}{}% 60
\BOOKMARK [1][-]{section.16}{\376\377\000Q\000u\000a\000n\000t\000l\000e\000t\000\040\000A\000r\000c\000h\000i\000t\000e\000c\000t\000u\000r\000e}{part.5}% 61
\BOOKMARK [2][-]{subsection.16.1}{\376\377\000Q\0001\000:\000\040\000S\000t\000y\000l\000i\000z\000e\000d\000\040\000F\000a\000c\000t\000s\000\040\000A\000n\000a\000l\000y\000s\000i\000s}{section.16}% 62
\BOOKMARK [2][-]{subsection.16.2}{\376\377\000Q\0002\000:\000\040\000N\000o\000r\000m\000a\000l\000\040\000v\000s\000.\000\040\000S\000t\000u\000d\000e\000n\000t\000-\000t\000\040\000F\000i\000t}{section.16}% 63
\BOOKMARK [2][-]{subsection.16.3}{\376\377\000Q\0003\000:\000\040\000V\000a\000R\000\040\000C\000o\000m\000p\000a\000r\000i\000s\000o\000n}{section.16}% 64
\BOOKMARK [2][-]{subsection.16.4}{\376\377\000Q\0004\000:\000\040\000T\000a\000i\000l\000\040\000E\000s\000t\000i\000m\000a\000t\000i\000o\000n\000\040\000\050\000H\000i\000l\000l\000\040\000E\000s\000t\000i\000m\000a\000t\000o\000r\000\051}{section.16}% 65
\BOOKMARK [2][-]{subsection.16.5}{\376\377\000Q\0005\000:\000\040\000S\000t\000a\000b\000l\000e\000\040\000D\000i\000s\000t\000r\000i\000b\000u\000t\000i\000o\000n\000\040\000S\000i\000m\000u\000l\000a\000t\000i\000o\000n\000\040\000a\000n\000d\000\040\000F\000i\000t\000t\000i\000n\000g}{section.16}% 66
\BOOKMARK [2][-]{subsection.16.6}{\376\377\000Q\0006\000:\000\040\000E\000V\000T\000-\000B\000a\000s\000e\000d\000\040\000V\000a\000R}{section.16}% 67
\BOOKMARK [0][-]{part.6}{\376\377\000V\000I\000\040\000E\000X\000E\000R\000C\000I\000S\000E\000S}{}% 68
\BOOKMARK [1][-]{section.17}{\376\377\000E\000x\000e\000r\000c\000i\000s\000e\000s\000\040\040\024\000\040\000T\000h\000r\000e\000e\000\040\000D\000i\000f\000f\000i\000c\000u\000l\000t\000y\000\040\000L\000e\000v\000e\000l\000s}{part.6}% 69
\BOOKMARK [2][-]{subsection.17.1}{\376\377\000Y\000e\000a\000r\000\040\0003\000\040\000E\000x\000e\000r\000c\000i\000s\000e\000s\000\040\000\050\000U\000n\000d\000e\000r\000g\000r\000a\000d\000u\000a\000t\000e\000\051}{section.17}% 70
\BOOKMARK [2][-]{subsection.17.2}{\376\377\000M\000a\000s\000t\000e\000r\000\040\000E\000x\000e\000r\000c\000i\000s\000e\000s}{section.17}% 71
\BOOKMARK [2][-]{subsection.17.3}{\376\377\000P\000h\000D\000\040\000E\000x\000e\000r\000c\000i\000s\000e\000s}{section.17}% 72
\BOOKMARK [0][-]{part.7}{\376\377\000V\000I\000I\000\040\000E\000X\000A\000M\000\040\000Q\000U\000E\000S\000T\000I\000O\000N\000S}{}% 73
\BOOKMARK [1][-]{section.18}{\376\377\000Y\000e\000a\000r\000\040\0003\000\040\000E\000x\000a\000m\000\040\000Q\000u\000e\000s\000t\000i\000o\000n\000s}{part.7}% 74
\BOOKMARK [1][-]{section.19}{\376\377\000M\000a\000s\000t\000e\000r\000\040\000E\000x\000a\000m\000\040\000Q\000u\000e\000s\000t\000i\000o\000n\000s}{part.7}% 75
\BOOKMARK [1][-]{section.20}{\376\377\000P\000h\000D\000\040\000E\000x\000a\000m\000\040\000Q\000u\000e\000s\000t\000i\000o\000n\000s}{part.7}% 76
\BOOKMARK [0][-]{part.8}{\376\377\000V\000I\000I\000I\000\040\000R\000I\000S\000K\000\040\000M\000A\000N\000A\000G\000E\000M\000E\000N\000T\000\040\000C\000O\000N\000N\000E\000C\000T\000I\000O\000N}{}% 77
\BOOKMARK [1][-]{section.21}{\376\377\000U\000n\000d\000e\000r\000e\000s\000t\000i\000m\000a\000t\000i\000o\000n\000\040\000o\000f\000\040\000T\000a\000i\000l\000\040\000R\000i\000s\000k\000\040\000U\000n\000d\000e\000r\000\040\000N\000o\000r\000m\000a\000l\000i\000t\000y}{part.8}% 78
\BOOKMARK [1][-]{section.22}{\376\377\000I\000m\000p\000a\000c\000t\000\040\000o\000n\000\040\000V\000a\000R\000\040\000a\000n\000d\000\040\000E\000S}{part.8}% 79
\BOOKMARK [1][-]{section.23}{\376\377\000S\000t\000a\000b\000l\000e\000\040\000D\000i\000s\000t\000r\000i\000b\000u\000t\000i\000o\000n\000s\000\040\000a\000n\000d\000\040\000E\000x\000t\000r\000e\000m\000e\000\040\000R\000i\000s\000k}{part.8}% 80
\BOOKMARK [1][-]{section.24}{\376\377\000I\000m\000p\000l\000i\000c\000a\000t\000i\000o\000n\000s\000\040\000f\000o\000r\000\040\000C\000a\000p\000i\000t\000a\000l\000\040\000A\000l\000l\000o\000c\000a\000t\000i\000o\000n}{part.8}% 81
\BOOKMARK [0][-]{part.9}{\376\377\000I\000X\000\040\000R\000E\000F\000E\000R\000E\000N\000C\000E\000S}{}% 82
\BOOKMARK [1][-]{section.25}{\376\377\000C\000o\000r\000e\000\040\000R\000e\000f\000e\000r\000e\000n\000c\000e\000s}{part.9}% 83
