This is pdfTeX, Version 3.141592653-2.6-1.40.26 (MiKTeX 24.3) (preloaded format=pdflatex 2024.6.8)  7 MAR 2026 21:08
entering extended mode
 restricted \write18 enabled.
 %&-line parsing enabled.
**./chapter2_stable_distributions_ro.tex
(chapter2_stable_distributions_ro.tex
LaTeX2e <2023-11-01> patch level 1
L3 programming layer <2024-02-20>
(C:\Users\danpe\AppData\Local\Programs\MiKTeX\tex/latex/beamer\beamer.cls
Document Class: beamer 2025/02/04 v3.72 A class for typesetting presentations

(C:\Users\danpe\AppData\Local\Programs\MiKTeX\tex/latex/beamer\beamerbasemodes.
sty
(C:\Users\danpe\AppData\Local\Programs\MiKTeX\tex/latex/etoolbox\etoolbox.sty
Package: etoolbox 2020/10/05 v2.5k e-TeX tools for LaTeX (JAW)
\etb@tempcnta=\count188
)
\beamer@tempbox=\box51
\beamer@tempcount=\count189
\c@beamerpauses=\count190

(C:\Users\danpe\AppData\Local\Programs\MiKTeX\tex/latex/beamer\beamerbasedecode
.sty
\beamer@slideinframe=\count191
\beamer@minimum=\count192
\beamer@decode@box=\box52
)
\beamer@commentbox=\box53
\beamer@modecount=\count193
)
(C:\Users\danpe\AppData\Local\Programs\MiKTeX\tex/generic/iftex\iftex.sty
Package: iftex 2022/02/03 v1.0f TeX engine tests
)
\headdp=\dimen140
\footheight=\dimen141
\sidebarheight=\dimen142
\beamer@tempdim=\dimen143
\beamer@finalheight=\dimen144
\beamer@animht=\dimen145
\beamer@animdp=\dimen146
\beamer@animwd=\dimen147
\beamer@leftmargin=\dimen148
\beamer@rightmargin=\dimen149
\beamer@leftsidebar=\dimen150
\beamer@rightsidebar=\dimen151
\beamer@boxsize=\dimen152
\beamer@vboxoffset=\dimen153
\beamer@descdefault=\dimen154
\beamer@descriptionwidth=\dimen155
\beamer@lastskip=\skip48
\beamer@areabox=\box54
\beamer@animcurrent=\box55
\beamer@animshowbox=\box56
\beamer@sectionbox=\box57
\beamer@logobox=\box58
\beamer@linebox=\box59
\beamer@sectioncount=\count194
\beamer@subsubsectionmax=\count195
\beamer@subsectionmax=\count196
\beamer@sectionmax=\count197
\beamer@totalheads=\count198
\beamer@headcounter=\count199
\beamer@partstartpage=\count266
\beamer@sectionstartpage=\count267
\beamer@subsectionstartpage=\count268
\beamer@animationtempa=\count269
\beamer@animationtempb=\count270
\beamer@xpos=\count271
\beamer@ypos=\count272
\beamer@ypos@offset=\count273
\beamer@showpartnumber=\count274
\beamer@currentsubsection=\count275
\beamer@coveringdepth=\count276
\beamer@sectionadjust=\count277
\beamer@toclastsection=\count278
\beamer@tocsectionnumber=\count279

(C:\Users\danpe\AppData\Local\Programs\MiKTeX\tex/latex/beamer\beamerbaseoption
s.sty
(C:\Users\danpe\AppData\Local\Programs\MiKTeX\tex/latex/graphics\keyval.sty
Package: keyval 2022/05/29 v1.15 key=value parser (DPC)
\KV@toks@=\toks17
))
\beamer@paperwidth=\skip49
\beamer@paperheight=\skip50

(C:\Users\danpe\AppData\Local\Programs\MiKTeX\tex/latex/geometry\geometry.sty
Package: geometry 2020/01/02 v5.9 Page Geometry

(C:\Users\danpe\AppData\Local\Programs\MiKTeX\tex/generic/iftex\ifvtex.sty
Package: ifvtex 2019/10/25 v1.7 ifvtex legacy package. Use iftex instead.
)
\Gm@cnth=\count280
\Gm@cntv=\count281
\c@Gm@tempcnt=\count282
\Gm@bindingoffset=\dimen156
\Gm@wd@mp=\dimen157
\Gm@odd@mp=\dimen158
\Gm@even@mp=\dimen159
\Gm@layoutwidth=\dimen160
\Gm@layoutheight=\dimen161
\Gm@layouthoffset=\dimen162
\Gm@layoutvoffset=\dimen163
\Gm@dimlist=\toks18

(C:\Users\danpe\AppData\Local\Programs\MiKTeX\tex/latex/geometry\geometry.cfg))
(C:\Users\danpe\AppData\Local\Programs\MiKTeX\tex/latex/pgf/math\pgfmath.sty
(C:\Users\danpe\AppData\Local\Programs\MiKTeX\tex/latex/pgf/utilities\pgfrcs.st
y
(C:\Users\danpe\AppData\Local\Programs\MiKTeX\tex/generic/pgf/utilities\pgfutil
-common.tex
\pgfutil@everybye=\toks19
\pgfutil@tempdima=\dimen164
\pgfutil@tempdimb=\dimen165
)
(C:\Users\danpe\AppData\Local\Programs\MiKTeX\tex/generic/pgf/utilities\pgfutil
-latex.def
\pgfutil@abb=\box60
)
(C:\Users\danpe\AppData\Local\Programs\MiKTeX\tex/generic/pgf/utilities\pgfrcs.
code.tex
(C:\Users\danpe\AppData\Local\Programs\MiKTeX\tex/generic/pgf\pgf.revision.tex)
Package: pgfrcs 2023-01-15 v3.1.10 (3.1.10)
))
(C:\Users\danpe\AppData\Local\Programs\MiKTeX\tex/latex/pgf/utilities\pgfkeys.s
ty
(C:\Users\danpe\AppData\Local\Programs\MiKTeX\tex/generic/pgf/utilities\pgfkeys
.code.tex
\pgfkeys@pathtoks=\toks20
\pgfkeys@temptoks=\toks21

(C:\Users\danpe\AppData\Local\Programs\MiKTeX\tex/generic/pgf/utilities\pgfkeys
libraryfiltered.code.tex
\pgfkeys@tmptoks=\toks22
)))
(C:\Users\danpe\AppData\Local\Programs\MiKTeX\tex/generic/pgf/math\pgfmath.code
.tex
(C:\Users\danpe\AppData\Local\Programs\MiKTeX\tex/generic/pgf/math\pgfmathutil.
code.tex
\pgf@x=\dimen166
\pgf@xa=\dimen167
\pgf@xb=\dimen168
\pgf@xc=\dimen169
\pgf@y=\dimen170
\pgf@ya=\dimen171
\pgf@yb=\dimen172
\pgf@yc=\dimen173
\c@pgf@counta=\count283
\c@pgf@countb=\count284
\c@pgf@countc=\count285
\c@pgf@countd=\count286
)
(C:\Users\danpe\AppData\Local\Programs\MiKTeX\tex/generic/pgf/math\pgfmathparse
r.code.tex
\pgfmath@dimen=\dimen174
\pgfmath@count=\count287
\pgfmath@box=\box61
\pgfmath@toks=\toks23
\pgfmath@stack@operand=\toks24
\pgfmath@stack@operation=\toks25
)
(C:\Users\danpe\AppData\Local\Programs\MiKTeX\tex/generic/pgf/math\pgfmathfunct
ions.code.tex)
(C:\Users\danpe\AppData\Local\Programs\MiKTeX\tex/generic/pgf/math\pgfmathfunct
ions.basic.code.tex)
(C:\Users\danpe\AppData\Local\Programs\MiKTeX\tex/generic/pgf/math\pgfmathfunct
ions.trigonometric.code.tex)
(C:\Users\danpe\AppData\Local\Programs\MiKTeX\tex/generic/pgf/math\pgfmathfunct
ions.random.code.tex)
(C:\Users\danpe\AppData\Local\Programs\MiKTeX\tex/generic/pgf/math\pgfmathfunct
ions.comparison.code.tex)
(C:\Users\danpe\AppData\Local\Programs\MiKTeX\tex/generic/pgf/math\pgfmathfunct
ions.base.code.tex)
(C:\Users\danpe\AppData\Local\Programs\MiKTeX\tex/generic/pgf/math\pgfmathfunct
ions.round.code.tex)
(C:\Users\danpe\AppData\Local\Programs\MiKTeX\tex/generic/pgf/math\pgfmathfunct
ions.misc.code.tex)
(C:\Users\danpe\AppData\Local\Programs\MiKTeX\tex/generic/pgf/math\pgfmathfunct
ions.integerarithmetics.code.tex)
(C:\Users\danpe\AppData\Local\Programs\MiKTeX\tex/generic/pgf/math\pgfmathcalc.
code.tex)
(C:\Users\danpe\AppData\Local\Programs\MiKTeX\tex/generic/pgf/math\pgfmathfloat
.code.tex
\c@pgfmathroundto@lastzeros=\count288
)))
(C:\Users\danpe\AppData\Local\Programs\MiKTeX\tex/latex/extsizes\size9.clo
File: size9.clo 1999/11/11 v1.4a NON-Standard LaTeX file (size option)
)
(C:\Users\danpe\AppData\Local\Programs\MiKTeX\tex/latex/pgf/basiclayer\pgfcore.
sty
(C:\Users\danpe\AppData\Local\Programs\MiKTeX\tex/latex/graphics\graphicx.sty
Package: graphicx 2021/09/16 v1.2d Enhanced LaTeX Graphics (DPC,SPQR)

(C:\Users\danpe\AppData\Local\Programs\MiKTeX\tex/latex/graphics\graphics.sty
Package: graphics 2022/03/10 v1.4e Standard LaTeX Graphics (DPC,SPQR)

(C:\Users\danpe\AppData\Local\Programs\MiKTeX\tex/latex/graphics\trig.sty
Package: trig 2021/08/11 v1.11 sin cos tan (DPC)
)
(C:\Users\danpe\AppData\Local\Programs\MiKTeX\tex/latex/graphics-cfg\graphics.c
fg
File: graphics.cfg 2016/06/04 v1.11 sample graphics configuration
)
Package graphics Info: Driver file: pdftex.def on input line 107.

(C:\Users\danpe\AppData\Local\Programs\MiKTeX\tex/latex/graphics-def\pdftex.def
File: pdftex.def 2022/09/22 v1.2b Graphics/color driver for pdftex
))
\Gin@req@height=\dimen175
\Gin@req@width=\dimen176
)
(C:\Users\danpe\AppData\Local\Programs\MiKTeX\tex/latex/pgf/systemlayer\pgfsys.
sty
(C:\Users\danpe\AppData\Local\Programs\MiKTeX\tex/generic/pgf/systemlayer\pgfsy
s.code.tex
Package: pgfsys 2023-01-15 v3.1.10 (3.1.10)
\pgf@x=\dimen177
\pgf@y=\dimen178
\pgf@xa=\dimen179
\pgf@ya=\dimen180
\pgf@xb=\dimen181
\pgf@yb=\dimen182
\pgf@xc=\dimen183
\pgf@yc=\dimen184
\pgf@xd=\dimen185
\pgf@yd=\dimen186
\w@pgf@writea=\write3
\r@pgf@reada=\read2
\c@pgf@counta=\count289
\c@pgf@countb=\count290
\c@pgf@countc=\count291
\c@pgf@countd=\count292
\t@pgf@toka=\toks26
\t@pgf@tokb=\toks27
\t@pgf@tokc=\toks28
\pgf@sys@id@count=\count293

(C:\Users\danpe\AppData\Local\Programs\MiKTeX\tex/generic/pgf/systemlayer\pgf.c
fg
File: pgf.cfg 2023-01-15 v3.1.10 (3.1.10)
)
Driver file for pgf: pgfsys-pdftex.def

(C:\Users\danpe\AppData\Local\Programs\MiKTeX\tex/generic/pgf/systemlayer\pgfsy
s-pdftex.def
File: pgfsys-pdftex.def 2023-01-15 v3.1.10 (3.1.10)

(C:\Users\danpe\AppData\Local\Programs\MiKTeX\tex/generic/pgf/systemlayer\pgfsy
s-common-pdf.def
File: pgfsys-common-pdf.def 2023-01-15 v3.1.10 (3.1.10)
)))
(C:\Users\danpe\AppData\Local\Programs\MiKTeX\tex/generic/pgf/systemlayer\pgfsy
ssoftpath.code.tex
File: pgfsyssoftpath.code.tex 2023-01-15 v3.1.10 (3.1.10)
\pgfsyssoftpath@smallbuffer@items=\count294
\pgfsyssoftpath@bigbuffer@items=\count295
)
(C:\Users\danpe\AppData\Local\Programs\MiKTeX\tex/generic/pgf/systemlayer\pgfsy
sprotocol.code.tex
File: pgfsysprotocol.code.tex 2023-01-15 v3.1.10 (3.1.10)
))
(C:\Users\danpe\AppData\Local\Programs\MiKTeX\tex/latex/xcolor\xcolor.sty
Package: xcolor 2023/11/15 v3.01 LaTeX color extensions (UK)

(C:\Users\danpe\AppData\Local\Programs\MiKTeX\tex/latex/graphics-cfg\color.cfg
File: color.cfg 2016/01/02 v1.6 sample color configuration
)
Package xcolor Info: Driver file: pdftex.def on input line 274.
(C:\Users\danpe\AppData\Local\Programs\MiKTeX\tex/latex/graphics\mathcolor.ltx)
Package xcolor Info: Model `cmy' substituted by `cmy0' on input line 1350.
Package xcolor Info: Model `hsb' substituted by `rgb' on input line 1354.
Package xcolor Info: Model `RGB' extended on input line 1366.
Package xcolor Info: Model `HTML' substituted by `rgb' on input line 1368.
Package xcolor Info: Model `Hsb' substituted by `hsb' on input line 1369.
Package xcolor Info: Model `tHsb' substituted by `hsb' on input line 1370.
Package xcolor Info: Model `HSB' substituted by `hsb' on input line 1371.
Package xcolor Info: Model `Gray' substituted by `gray' on input line 1372.
Package xcolor Info: Model `wave' substituted by `hsb' on input line 1373.
)
(C:\Users\danpe\AppData\Local\Programs\MiKTeX\tex/generic/pgf/basiclayer\pgfcor
e.code.tex
Package: pgfcore 2023-01-15 v3.1.10 (3.1.10)

(C:\Users\danpe\AppData\Local\Programs\MiKTeX\tex/generic/pgf/math\pgfint.code.
tex)
(C:\Users\danpe\AppData\Local\Programs\MiKTeX\tex/generic/pgf/basiclayer\pgfcor
epoints.code.tex
File: pgfcorepoints.code.tex 2023-01-15 v3.1.10 (3.1.10)
\pgf@picminx=\dimen187
\pgf@picmaxx=\dimen188
\pgf@picminy=\dimen189
\pgf@picmaxy=\dimen190
\pgf@pathminx=\dimen191
\pgf@pathmaxx=\dimen192
\pgf@pathminy=\dimen193
\pgf@pathmaxy=\dimen194
\pgf@xx=\dimen195
\pgf@xy=\dimen196
\pgf@yx=\dimen197
\pgf@yy=\dimen198
\pgf@zx=\dimen199
\pgf@zy=\dimen256
)
(C:\Users\danpe\AppData\Local\Programs\MiKTeX\tex/generic/pgf/basiclayer\pgfcor
epathconstruct.code.tex
File: pgfcorepathconstruct.code.tex 2023-01-15 v3.1.10 (3.1.10)
\pgf@path@lastx=\dimen257
\pgf@path@lasty=\dimen258
)
(C:\Users\danpe\AppData\Local\Programs\MiKTeX\tex/generic/pgf/basiclayer\pgfcor
epathusage.code.tex
File: pgfcorepathusage.code.tex 2023-01-15 v3.1.10 (3.1.10)
\pgf@shorten@end@additional=\dimen259
\pgf@shorten@start@additional=\dimen260
)
(C:\Users\danpe\AppData\Local\Programs\MiKTeX\tex/generic/pgf/basiclayer\pgfcor
escopes.code.tex
File: pgfcorescopes.code.tex 2023-01-15 v3.1.10 (3.1.10)
\pgfpic=\box62
\pgf@hbox=\box63
\pgf@layerbox@main=\box64
\pgf@picture@serial@count=\count296
)
(C:\Users\danpe\AppData\Local\Programs\MiKTeX\tex/generic/pgf/basiclayer\pgfcor
egraphicstate.code.tex
File: pgfcoregraphicstate.code.tex 2023-01-15 v3.1.10 (3.1.10)
\pgflinewidth=\dimen261
)
(C:\Users\danpe\AppData\Local\Programs\MiKTeX\tex/generic/pgf/basiclayer\pgfcor
etransformations.code.tex
File: pgfcoretransformations.code.tex 2023-01-15 v3.1.10 (3.1.10)
\pgf@pt@x=\dimen262
\pgf@pt@y=\dimen263
\pgf@pt@temp=\dimen264
)
(C:\Users\danpe\AppData\Local\Programs\MiKTeX\tex/generic/pgf/basiclayer\pgfcor
equick.code.tex
File: pgfcorequick.code.tex 2023-01-15 v3.1.10 (3.1.10)
)
(C:\Users\danpe\AppData\Local\Programs\MiKTeX\tex/generic/pgf/basiclayer\pgfcor
eobjects.code.tex
File: pgfcoreobjects.code.tex 2023-01-15 v3.1.10 (3.1.10)
)
(C:\Users\danpe\AppData\Local\Programs\MiKTeX\tex/generic/pgf/basiclayer\pgfcor
epathprocessing.code.tex
File: pgfcorepathprocessing.code.tex 2023-01-15 v3.1.10 (3.1.10)
)
(C:\Users\danpe\AppData\Local\Programs\MiKTeX\tex/generic/pgf/basiclayer\pgfcor
earrows.code.tex
File: pgfcorearrows.code.tex 2023-01-15 v3.1.10 (3.1.10)
\pgfarrowsep=\dimen265
)
(C:\Users\danpe\AppData\Local\Programs\MiKTeX\tex/generic/pgf/basiclayer\pgfcor
eshade.code.tex
File: pgfcoreshade.code.tex 2023-01-15 v3.1.10 (3.1.10)
\pgf@max=\dimen266
\pgf@sys@shading@range@num=\count297
\pgf@shadingcount=\count298
)
(C:\Users\danpe\AppData\Local\Programs\MiKTeX\tex/generic/pgf/basiclayer\pgfcor
eimage.code.tex
File: pgfcoreimage.code.tex 2023-01-15 v3.1.10 (3.1.10)
)
(C:\Users\danpe\AppData\Local\Programs\MiKTeX\tex/generic/pgf/basiclayer\pgfcor
eexternal.code.tex
File: pgfcoreexternal.code.tex 2023-01-15 v3.1.10 (3.1.10)
\pgfexternal@startupbox=\box65
)
(C:\Users\danpe\AppData\Local\Programs\MiKTeX\tex/generic/pgf/basiclayer\pgfcor
elayers.code.tex
File: pgfcorelayers.code.tex 2023-01-15 v3.1.10 (3.1.10)
)
(C:\Users\danpe\AppData\Local\Programs\MiKTeX\tex/generic/pgf/basiclayer\pgfcor
etransparency.code.tex
File: pgfcoretransparency.code.tex 2023-01-15 v3.1.10 (3.1.10)
)
(C:\Users\danpe\AppData\Local\Programs\MiKTeX\tex/generic/pgf/basiclayer\pgfcor
epatterns.code.tex
File: pgfcorepatterns.code.tex 2023-01-15 v3.1.10 (3.1.10)
)
(C:\Users\danpe\AppData\Local\Programs\MiKTeX\tex/generic/pgf/basiclayer\pgfcor
erdf.code.tex
File: pgfcorerdf.code.tex 2023-01-15 v3.1.10 (3.1.10)
)))
(C:\Users\danpe\AppData\Local\Programs\MiKTeX\tex/latex/pgf/utilities\xxcolor.s
ty
Package: xxcolor 2003/10/24 ver 0.1
\XC@nummixins=\count299
\XC@countmixins=\count300
)
(C:\Users\danpe\AppData\Local\Programs\MiKTeX\tex/latex/base\atbegshi-ltx.sty
Package: atbegshi-ltx 2021/01/10 v1.0c Emulation of the original atbegshi
package with kernel methods
)
(C:\Users\danpe\AppData\Local\Programs\MiKTeX\tex/latex/hyperref\hyperref.sty
Package: hyperref 2024-01-20 v7.01h Hypertext links for LaTeX

(C:\Users\danpe\AppData\Local\Programs\MiKTeX\tex/latex/kvsetkeys\kvsetkeys.sty
Package: kvsetkeys 2022-10-05 v1.19 Key value parser (HO)
)
(C:\Users\danpe\AppData\Local\Programs\MiKTeX\tex/generic/kvdefinekeys\kvdefine
keys.sty
Package: kvdefinekeys 2019-12-19 v1.6 Define keys (HO)
)
(C:\Users\danpe\AppData\Local\Programs\MiKTeX\tex/generic/pdfescape\pdfescape.s
ty
Package: pdfescape 2019/12/09 v1.15 Implements pdfTeX's escape features (HO)

(C:\Users\danpe\AppData\Local\Programs\MiKTeX\tex/generic/ltxcmds\ltxcmds.sty
Package: ltxcmds 2023-12-04 v1.26 LaTeX kernel commands for general use (HO)
)
(C:\Users\danpe\AppData\Local\Programs\MiKTeX\tex/generic/pdftexcmds\pdftexcmds
.sty
Package: pdftexcmds 2020-06-27 v0.33 Utility functions of pdfTeX for LuaTeX (HO
)

(C:\Users\danpe\AppData\Local\Programs\MiKTeX\tex/generic/infwarerr\infwarerr.s
ty
Package: infwarerr 2019/12/03 v1.5 Providing info/warning/error messages (HO)
)
Package pdftexcmds Info: \pdf@primitive is available.
Package pdftexcmds Info: \pdf@ifprimitive is available.
Package pdftexcmds Info: \pdfdraftmode found.
))
(C:\Users\danpe\AppData\Local\Programs\MiKTeX\tex/latex/hycolor\hycolor.sty
Package: hycolor 2020-01-27 v1.10 Color options for hyperref/bookmark (HO)
)
(C:\Users\danpe\AppData\Local\Programs\MiKTeX\tex/latex/auxhook\auxhook.sty
Package: auxhook 2019-12-17 v1.6 Hooks for auxiliary files (HO)
)
(C:\Users\danpe\AppData\Local\Programs\MiKTeX\tex/latex/hyperref\nameref.sty
Package: nameref 2023-11-26 v2.56 Cross-referencing by name of section

(C:\Users\danpe\AppData\Local\Programs\MiKTeX\tex/latex/refcount\refcount.sty
Package: refcount 2019/12/15 v3.6 Data extraction from label references (HO)
)
(C:\Users\danpe\AppData\Local\Programs\MiKTeX\tex/generic/gettitlestring\gettit
lestring.sty
Package: gettitlestring 2019/12/15 v1.6 Cleanup title references (HO)

(C:\Users\danpe\AppData\Local\Programs\MiKTeX\tex/latex/kvoptions\kvoptions.sty
Package: kvoptions 2022-06-15 v3.15 Key value format for package options (HO)
))
\c@section@level=\count301
)
\@linkdim=\dimen267
\Hy@linkcounter=\count302
\Hy@pagecounter=\count303
 (C:\Users\danpe\AppData\Local\Programs\MiKTeX\tex/latex/hyperref\pd1enc.def
File: pd1enc.def 2024-01-20 v7.01h Hyperref: PDFDocEncoding definition (HO)
Now handling font encoding PD1 ...
... no UTF-8 mapping file for font encoding PD1
) (C:\Users\danpe\AppData\Local\Programs\MiKTeX\tex/generic/intcalc\intcalc.sty
Package: intcalc 2019/12/15 v1.3 Expandable calculations with integers (HO)
)
\Hy@SavedSpaceFactor=\count304
 (C:\Users\danpe\AppData\Local\Programs\MiKTeX\tex/latex/hyperref\puenc.def
File: puenc.def 2024-01-20 v7.01h Hyperref: PDF Unicode definition (HO)
Now handling font encoding PU ...
... no UTF-8 mapping file for font encoding PU
)
Package hyperref Info: Option `bookmarks' set `true' on input line 4062.
Package hyperref Info: Option `bookmarksopen' set `true' on input line 4062.
Package hyperref Info: Option `implicit' set `false' on input line 4062.
Package hyperref Info: Hyper figures OFF on input line 4179.
Package hyperref Info: Link nesting OFF on input line 4184.
Package hyperref Info: Hyper index ON on input line 4187.
Package hyperref Info: Plain pages OFF on input line 4194.
Package hyperref Info: Backreferencing OFF on input line 4199.
Package hyperref Info: Implicit mode OFF; no redefinition of LaTeX internals.
Package hyperref Info: Bookmarks ON on input line 4446.
\c@Hy@tempcnt=\count305

(C:\Users\danpe\AppData\Local\Programs\MiKTeX\tex/latex/url\url.sty
\Urlmuskip=\muskip16
Package: url 2013/09/16  ver 3.4  Verb mode for urls, etc.
)
LaTeX Info: Redefining \url on input line 4784.
\XeTeXLinkMargin=\dimen268

(C:\Users\danpe\AppData\Local\Programs\MiKTeX\tex/generic/bitset\bitset.sty
Package: bitset 2019/12/09 v1.3 Handle bit-vector datatype (HO)

(C:\Users\danpe\AppData\Local\Programs\MiKTeX\tex/generic/bigintcalc\bigintcalc
.sty
Package: bigintcalc 2019/12/15 v1.5 Expandable calculations on big integers (HO
)
))
\Fld@menulength=\count306
\Field@Width=\dimen269
\Fld@charsize=\dimen270
Package hyperref Info: Hyper figures OFF on input line 6063.
Package hyperref Info: Link nesting OFF on input line 6068.
Package hyperref Info: Hyper index ON on input line 6071.
Package hyperref Info: backreferencing OFF on input line 6078.
Package hyperref Info: Link coloring OFF on input line 6083.
Package hyperref Info: Link coloring with OCG OFF on input line 6088.
Package hyperref Info: PDF/A mode OFF on input line 6093.
\Hy@abspage=\count307


Package hyperref Message: Stopped early.

)
Package hyperref Info: Driver (autodetected): hpdftex.
 (C:\Users\danpe\AppData\Local\Programs\MiKTeX\tex/latex/hyperref\hpdftex.def
File: hpdftex.def 2024-01-20 v7.01h Hyperref driver for pdfTeX

(C:\Users\danpe\AppData\Local\Programs\MiKTeX\tex/latex/base\atveryend-ltx.sty
Package: atveryend-ltx 2020/08/19 v1.0a Emulation of the original atveryend pac
kage
with kernel methods
)
\Fld@listcount=\count308
\c@bookmark@seq@number=\count309

(C:\Users\danpe\AppData\Local\Programs\MiKTeX\tex/latex/rerunfilecheck\rerunfil
echeck.sty
Package: rerunfilecheck 2022-07-10 v1.10 Rerun checks for auxiliary files (HO)

(C:\Users\danpe\AppData\Local\Programs\MiKTeX\tex/generic/uniquecounter\uniquec
ounter.sty
Package: uniquecounter 2019/12/15 v1.4 Provide unlimited unique counter (HO)
)
Package uniquecounter Info: New unique counter `rerunfilecheck' on input line 2
85.
))
(C:\Users\danpe\AppData\Local\Programs\MiKTeX\tex/latex/beamer\beamerbaserequir
es.sty
(C:\Users\danpe\AppData\Local\Programs\MiKTeX\tex/latex/beamer\beamerbasecompat
ibility.sty)
(C:\Users\danpe\AppData\Local\Programs\MiKTeX\tex/latex/beamer\beamerbasefont.s
ty (C:\Users\danpe\AppData\Local\Programs\MiKTeX\tex/latex/amsfonts\amssymb.sty
Package: amssymb 2013/01/14 v3.01 AMS font symbols
(C:\Users\danpe\AppData\Local\Programs\MiKTeX\tex/latex/amsfonts\amsfonts.sty
Package: amsfonts 2013/01/14 v3.01 Basic AMSFonts support
\@emptytoks=\toks29
\symAMSa=\mathgroup4
\symAMSb=\mathgroup5
LaTeX Font Info:    Redeclaring math symbol \hbar on input line 98.
LaTeX Font Info:    Overwriting math alphabet `\mathfrak' in version `bold'
(Font)                  U/euf/m/n --> U/euf/b/n on input line 106.
))
(C:\Users\danpe\AppData\Local\Programs\MiKTeX\tex/latex/sansmathaccent\sansmath
accent.sty
Package: sansmathaccent 2020/01/31

(C:\Users\danpe\AppData\Local\Programs\MiKTeX\tex/latex/koma-script\scrlfile.st
y
Package: scrlfile 2024/10/24 v3.43 KOMA-Script package (file load hooks)

(C:\Users\danpe\AppData\Local\Programs\MiKTeX\tex/latex/koma-script\scrlfile-ho
ok.sty
Package: scrlfile-hook 2024/10/24 v3.43 KOMA-Script package (using LaTeX hooks)


(C:\Users\danpe\AppData\Local\Programs\MiKTeX\tex/latex/koma-script\scrlogo.sty
Package: scrlogo 2024/10/24 v3.43 KOMA-Script package (logo)
)))))
(C:\Users\danpe\AppData\Local\Programs\MiKTeX\tex/latex/beamer\beamerbasetransl
ator.sty
(C:\Users\danpe\AppData\Local\Programs\MiKTeX\tex/latex/translator\translator.s
ty
Package: translator 2021-05-31 v1.12d Easy translation of strings in LaTeX
))
(C:\Users\danpe\AppData\Local\Programs\MiKTeX\tex/latex/beamer\beamerbasemisc.s
ty)
(C:\Users\danpe\AppData\Local\Programs\MiKTeX\tex/latex/beamer\beamerbasetwoscr
eens.sty)
(C:\Users\danpe\AppData\Local\Programs\MiKTeX\tex/latex/beamer\beamerbaseoverla
y.sty
\beamer@argscount=\count310
\beamer@lastskipcover=\skip51
\beamer@trivlistdepth=\count311
)
(C:\Users\danpe\AppData\Local\Programs\MiKTeX\tex/latex/beamer\beamerbasetitle.
sty)
(C:\Users\danpe\AppData\Local\Programs\MiKTeX\tex/latex/beamer\beamerbasesectio
n.sty
\c@lecture=\count312
\c@part=\count313
\c@section=\count314
\c@subsection=\count315
\c@subsubsection=\count316
)
(C:\Users\danpe\AppData\Local\Programs\MiKTeX\tex/latex/beamer\beamerbaseframe.
sty
\beamer@framebox=\box66
\beamer@frametitlebox=\box67
\beamer@zoombox=\box68
\beamer@zoomcount=\count317
\beamer@zoomframecount=\count318
\beamer@frametextheight=\dimen271
\c@subsectionslide=\count319
\beamer@frametopskip=\skip52
\beamer@framebottomskip=\skip53
\beamer@frametopskipautobreak=\skip54
\beamer@framebottomskipautobreak=\skip55
\beamer@envbody=\toks30
\framewidth=\dimen272
\c@framenumber=\count320
)
(C:\Users\danpe\AppData\Local\Programs\MiKTeX\tex/latex/beamer\beamerbaseverbat
im.sty
\beamer@verbatimfileout=\write4
)
(C:\Users\danpe\AppData\Local\Programs\MiKTeX\tex/latex/beamer\beamerbaseframes
ize.sty
\beamer@splitbox=\box69
\beamer@autobreakcount=\count321
\beamer@autobreaklastheight=\dimen273
\beamer@frametitletoks=\toks31
\beamer@framesubtitletoks=\toks32
)
(C:\Users\danpe\AppData\Local\Programs\MiKTeX\tex/latex/beamer\beamerbaseframec
omponents.sty
\beamer@footins=\box70
)
(C:\Users\danpe\AppData\Local\Programs\MiKTeX\tex/latex/beamer\beamerbasecolor.
sty)
(C:\Users\danpe\AppData\Local\Programs\MiKTeX\tex/latex/beamer\beamerbasenotes.
sty
\beamer@frameboxcopy=\box71
)
(C:\Users\danpe\AppData\Local\Programs\MiKTeX\tex/latex/beamer\beamerbasetoc.st
y)
(C:\Users\danpe\AppData\Local\Programs\MiKTeX\tex/latex/beamer\beamerbasetempla
tes.sty
\beamer@sbttoks=\toks33

(C:\Users\danpe\AppData\Local\Programs\MiKTeX\tex/latex/beamer\beamerbaseauxtem
plates.sty
(C:\Users\danpe\AppData\Local\Programs\MiKTeX\tex/latex/beamer\beamerbaseboxes.
sty
\bmb@box=\box72
\bmb@colorbox=\box73
\bmb@boxwidth=\dimen274
\bmb@boxheight=\dimen275
\bmb@prevheight=\dimen276
\bmb@temp=\dimen277
\bmb@dima=\dimen278
\bmb@dimb=\dimen279
\bmb@prevheight=\dimen280
)
\beamer@blockheadheight=\dimen281
))
(C:\Users\danpe\AppData\Local\Programs\MiKTeX\tex/latex/beamer\beamerbaselocals
tructure.sty
(C:\Users\danpe\AppData\Local\Programs\MiKTeX\tex/latex/tools\enumerate.sty
Package: enumerate 2023/07/04 v3.00 enumerate extensions (DPC)
\@enLab=\toks34
)
\beamer@bibiconwidth=\skip56
\c@figure=\count322
\c@table=\count323
\abovecaptionskip=\skip57
\belowcaptionskip=\skip58
)
(C:\Users\danpe\AppData\Local\Programs\MiKTeX\tex/latex/beamer\beamerbasenaviga
tion.sty
(C:\Users\danpe\AppData\Local\Programs\MiKTeX\tex/latex/beamer\beamerbasenaviga
tionsymbols.tex)
\beamer@section@min@dim=\dimen282
)
(C:\Users\danpe\AppData\Local\Programs\MiKTeX\tex/latex/beamer\beamerbasetheore
ms.sty
(C:\Users\danpe\AppData\Local\Programs\MiKTeX\tex/latex/amsmath\amsmath.sty
Package: amsmath 2023/05/13 v2.17o AMS math features
\@mathmargin=\skip59

For additional information on amsmath, use the `?' option.
(C:\Users\danpe\AppData\Local\Programs\MiKTeX\tex/latex/amsmath\amstext.sty
Package: amstext 2021/08/26 v2.01 AMS text

(C:\Users\danpe\AppData\Local\Programs\MiKTeX\tex/latex/amsmath\amsgen.sty
File: amsgen.sty 1999/11/30 v2.0 generic functions
\@emptytoks=\toks35
\ex@=\dimen283
))
(C:\Users\danpe\AppData\Local\Programs\MiKTeX\tex/latex/amsmath\amsbsy.sty
Package: amsbsy 1999/11/29 v1.2d Bold Symbols
\pmbraise@=\dimen284
)
(C:\Users\danpe\AppData\Local\Programs\MiKTeX\tex/latex/amsmath\amsopn.sty
Package: amsopn 2022/04/08 v2.04 operator names
)
\inf@bad=\count324
LaTeX Info: Redefining \frac on input line 234.
\uproot@=\count325
\leftroot@=\count326
LaTeX Info: Redefining \overline on input line 399.
LaTeX Info: Redefining \colon on input line 410.
\classnum@=\count327
\DOTSCASE@=\count328
LaTeX Info: Redefining \ldots on input line 496.
LaTeX Info: Redefining \dots on input line 499.
LaTeX Info: Redefining \cdots on input line 620.
\Mathstrutbox@=\box74
\strutbox@=\box75
LaTeX Info: Redefining \big on input line 722.
LaTeX Info: Redefining \Big on input line 723.
LaTeX Info: Redefining \bigg on input line 724.
LaTeX Info: Redefining \Bigg on input line 725.
\big@size=\dimen285
LaTeX Font Info:    Redeclaring font encoding OML on input line 743.
LaTeX Font Info:    Redeclaring font encoding OMS on input line 744.
\macc@depth=\count329
LaTeX Info: Redefining \bmod on input line 905.
LaTeX Info: Redefining \pmod on input line 910.
LaTeX Info: Redefining \smash on input line 940.
LaTeX Info: Redefining \relbar on input line 970.
LaTeX Info: Redefining \Relbar on input line 971.
\c@MaxMatrixCols=\count330
\dotsspace@=\muskip17
\c@parentequation=\count331
\dspbrk@lvl=\count332
\tag@help=\toks36
\row@=\count333
\column@=\count334
\maxfields@=\count335
\andhelp@=\toks37
\eqnshift@=\dimen286
\alignsep@=\dimen287
\tagshift@=\dimen288
\tagwidth@=\dimen289
\totwidth@=\dimen290
\lineht@=\dimen291
\@envbody=\toks38
\multlinegap=\skip60
\multlinetaggap=\skip61
\mathdisplay@stack=\toks39
LaTeX Info: Redefining \[ on input line 2953.
LaTeX Info: Redefining \] on input line 2954.
)
(C:\Users\danpe\AppData\Local\Programs\MiKTeX\tex/latex/amscls\amsthm.sty
Package: amsthm 2020/05/29 v2.20.6
\thm@style=\toks40
\thm@bodyfont=\toks41
\thm@headfont=\toks42
\thm@notefont=\toks43
\thm@headpunct=\toks44
\thm@preskip=\skip62
\thm@postskip=\skip63
\thm@headsep=\skip64
\dth@everypar=\toks45
)
\c@theorem=\count336
)
(C:\Users\danpe\AppData\Local\Programs\MiKTeX\tex/latex/beamer\beamerbasethemes
.sty))
(C:\Users\danpe\AppData\Local\Programs\MiKTeX\tex/latex/beamer\beamerthemedefau
lt.sty
(C:\Users\danpe\AppData\Local\Programs\MiKTeX\tex/latex/beamer\beamerfontthemed
efault.sty)
(C:\Users\danpe\AppData\Local\Programs\MiKTeX\tex/latex/beamer\beamercolortheme
default.sty)
(C:\Users\danpe\AppData\Local\Programs\MiKTeX\tex/latex/beamer\beamerinnertheme
default.sty
\beamer@dima=\dimen292
\beamer@dimb=\dimen293
)
(C:\Users\danpe\AppData\Local\Programs\MiKTeX\tex/latex/beamer\beameroutertheme
default.sty)))
(C:\Users\danpe\AppData\Local\Programs\MiKTeX\tex/latex/fontawesome5\fontawesom
e5.sty
(C:\Users\danpe\AppData\Local\Programs\MiKTeX\tex/latex/l3kernel\expl3.sty
Package: expl3 2024-02-20 L3 programming layer (loader) 

(C:\Users\danpe\AppData\Local\Programs\MiKTeX\tex/latex/l3backend\l3backend-pdf
tex.def
File: l3backend-pdftex.def 2024-02-20 L3 backend support: PDF output (pdfTeX)
\l__color_backend_stack_int=\count337
\l__pdf_internal_box=\box76
))
Package: fontawesome5 2022/05/02 v5.15.4 Font Awesome 5

(C:\Users\danpe\AppData\Local\Programs\MiKTeX\tex/latex/l3packages/l3keys2e\l3k
eys2e.sty
Package: l3keys2e 2024-02-18 LaTeX2e option processing using LaTeX3 keys
)
(C:\Users\danpe\AppData\Local\Programs\MiKTeX\tex/latex/l3packages/xparse\xpars
e.sty
Package: xparse 2024-02-18 L3 Experimental document command parser
)
(C:\Users\danpe\AppData\Local\Programs\MiKTeX\tex/latex/fontawesome5\fontawesom
e5-generic-helper.sty
Package: fontawesome5-generic-helper 2022/05/02 v5.15.4 non-uTeX helper for fon
tawesome5

(C:\Users\danpe\AppData\Local\Programs\MiKTeX\tex/latex/fontawesome5\fontawesom
e5-mapping.def)))
(C:\Users\danpe\AppData\Local\Programs\MiKTeX\tex/latex/base\inputenc.sty
Package: inputenc 2021/02/14 v1.3d Input encoding file
\inpenc@prehook=\toks46
\inpenc@posthook=\toks47
)
(C:\Users\danpe\AppData\Local\Programs\MiKTeX\tex/latex/base\fontenc.sty
Package: fontenc 2021/04/29 v2.0v Standard LaTeX package
)
(C:\Users\danpe\AppData\Local\Programs\MiKTeX\tex/latex/mathtools\mathtools.sty
Package: mathtools 2024/10/04 v1.31 mathematical typesetting tools
(C:\Users\danpe\AppData\Local\Programs\MiKTeX\tex/latex/tools\calc.sty
Package: calc 2023/07/08 v4.3 Infix arithmetic (KKT,FJ)
\calc@Acount=\count338
\calc@Bcount=\count339
\calc@Adimen=\dimen294
\calc@Bdimen=\dimen295
\calc@Askip=\skip65
\calc@Bskip=\skip66
LaTeX Info: Redefining \setlength on input line 80.
LaTeX Info: Redefining \addtolength on input line 81.
\calc@Ccount=\count340
\calc@Cskip=\skip67
)
(C:\Users\danpe\AppData\Local\Programs\MiKTeX\tex/latex/mathtools\mhsetup.sty
Package: mhsetup 2021/03/18 v1.4 programming setup (MH)
)
\g_MT_multlinerow_int=\count341
\l_MT_multwidth_dim=\dimen296
\origjot=\skip68
\l_MT_shortvdotswithinadjustabove_dim=\dimen297
\l_MT_shortvdotswithinadjustbelow_dim=\dimen298
\l_MT_above_intertext_sep=\dimen299
\l_MT_below_intertext_sep=\dimen300
\l_MT_above_shortintertext_sep=\dimen301
\l_MT_below_shortintertext_sep=\dimen302
\xmathstrut@box=\box77
\xmathstrut@dim=\dimen303
)
\sympureletters=\mathgroup6
LaTeX Font Info:    Overwriting symbol font `pureletters' in version `bold'
(Font)                  OT1/mathkerncmss/m/sl --> OT1/mathkerncmss/bx/sl on inp
ut line 132.
(C:\Users\danpe\AppData\Local\Programs\MiKTeX\tex/latex/tools\bm.sty
Package: bm 2023/07/08 v1.2f Bold Symbol Support (DPC/FMi)
\symboldoperators=\mathgroup7
\symboldletters=\mathgroup8
\symboldsymbols=\mathgroup9
Package bm Info: No bold for \OMX/cmex/m/n, using \pmb.
Package bm Info: No bold for \U/msa/m/n, using \pmb.
Package bm Info: No bold for \U/msb/m/n, using \pmb.
\symboldpureletters=\mathgroup10
LaTeX Font Info:    Redeclaring math alphabet \mathbf on input line 149.
)
(C:\Users\danpe\AppData\Local\Programs\MiKTeX\tex/latex/pgf/frontendlayer\tikz.
sty
(C:\Users\danpe\AppData\Local\Programs\MiKTeX\tex/latex/pgf/basiclayer\pgf.sty
Package: pgf 2023-01-15 v3.1.10 (3.1.10)

(C:\Users\danpe\AppData\Local\Programs\MiKTeX\tex/generic/pgf/modules\pgfmodule
shapes.code.tex
File: pgfmoduleshapes.code.tex 2023-01-15 v3.1.10 (3.1.10)
\pgfnodeparttextbox=\box78
)
(C:\Users\danpe\AppData\Local\Programs\MiKTeX\tex/generic/pgf/modules\pgfmodule
plot.code.tex
File: pgfmoduleplot.code.tex 2023-01-15 v3.1.10 (3.1.10)
)
(C:\Users\danpe\AppData\Local\Programs\MiKTeX\tex/latex/pgf/compatibility\pgfco
mp-version-0-65.sty
Package: pgfcomp-version-0-65 2023-01-15 v3.1.10 (3.1.10)
\pgf@nodesepstart=\dimen304
\pgf@nodesepend=\dimen305
)
(C:\Users\danpe\AppData\Local\Programs\MiKTeX\tex/latex/pgf/compatibility\pgfco
mp-version-1-18.sty
Package: pgfcomp-version-1-18 2023-01-15 v3.1.10 (3.1.10)
))
(C:\Users\danpe\AppData\Local\Programs\MiKTeX\tex/latex/pgf/utilities\pgffor.st
y
(C:\Users\danpe\AppData\Local\Programs\MiKTeX\tex/generic/pgf/utilities\pgffor.
code.tex
Package: pgffor 2023-01-15 v3.1.10 (3.1.10)
\pgffor@iter=\dimen306
\pgffor@skip=\dimen307
\pgffor@stack=\toks48
\pgffor@toks=\toks49
))
(C:\Users\danpe\AppData\Local\Programs\MiKTeX\tex/generic/pgf/frontendlayer/tik
z\tikz.code.tex
Package: tikz 2023-01-15 v3.1.10 (3.1.10)

(C:\Users\danpe\AppData\Local\Programs\MiKTeX\tex/generic/pgf/libraries\pgflibr
aryplothandlers.code.tex
File: pgflibraryplothandlers.code.tex 2023-01-15 v3.1.10 (3.1.10)
\pgf@plot@mark@count=\count342
\pgfplotmarksize=\dimen308
)
\tikz@lastx=\dimen309
\tikz@lasty=\dimen310
\tikz@lastxsaved=\dimen311
\tikz@lastysaved=\dimen312
\tikz@lastmovetox=\dimen313
\tikz@lastmovetoy=\dimen314
\tikzleveldistance=\dimen315
\tikzsiblingdistance=\dimen316
\tikz@figbox=\box79
\tikz@figbox@bg=\box80
\tikz@tempbox=\box81
\tikz@tempbox@bg=\box82
\tikztreelevel=\count343
\tikznumberofchildren=\count344
\tikznumberofcurrentchild=\count345
\tikz@fig@count=\count346

(C:\Users\danpe\AppData\Local\Programs\MiKTeX\tex/generic/pgf/modules\pgfmodule
matrix.code.tex
File: pgfmodulematrix.code.tex 2023-01-15 v3.1.10 (3.1.10)
\pgfmatrixcurrentrow=\count347
\pgfmatrixcurrentcolumn=\count348
\pgf@matrix@numberofcolumns=\count349
)
\tikz@expandcount=\count350

(C:\Users\danpe\AppData\Local\Programs\MiKTeX\tex/generic/pgf/frontendlayer/tik
z/libraries\tikzlibrarytopaths.code.tex
File: tikzlibrarytopaths.code.tex 2023-01-15 v3.1.10 (3.1.10)
)))
(C:\Users\danpe\AppData\Local\Programs\MiKTeX\tex/generic/pgf/libraries\pgflibr
aryarrows.meta.code.tex
File: pgflibraryarrows.meta.code.tex 2023-01-15 v3.1.10 (3.1.10)
\pgfarrowinset=\dimen317
\pgfarrowlength=\dimen318
\pgfarrowwidth=\dimen319
\pgfarrowlinewidth=\dimen320
)
(C:\Users\danpe\AppData\Local\Programs\MiKTeX\tex/generic/pgf/frontendlayer/tik
z/libraries\tikzlibrarypositioning.code.tex
File: tikzlibrarypositioning.code.tex 2023-01-15 v3.1.10 (3.1.10)
)
(C:\Users\danpe\AppData\Local\Programs\MiKTeX\tex/generic/pgf/frontendlayer/tik
z/libraries\tikzlibraryshapes.code.tex
File: tikzlibraryshapes.code.tex 2023-01-15 v3.1.10 (3.1.10)

(C:\Users\danpe\AppData\Local\Programs\MiKTeX\tex/generic/pgf/frontendlayer/tik
z/libraries\tikzlibraryshapes.geometric.code.tex
File: tikzlibraryshapes.geometric.code.tex 2023-01-15 v3.1.10 (3.1.10)

(C:\Users\danpe\AppData\Local\Programs\MiKTeX\tex/generic/pgf/libraries/shapes\
pgflibraryshapes.geometric.code.tex
File: pgflibraryshapes.geometric.code.tex 2023-01-15 v3.1.10 (3.1.10)
))
(C:\Users\danpe\AppData\Local\Programs\MiKTeX\tex/generic/pgf/frontendlayer/tik
z/libraries\tikzlibraryshapes.misc.code.tex
File: tikzlibraryshapes.misc.code.tex 2023-01-15 v3.1.10 (3.1.10)

(C:\Users\danpe\AppData\Local\Programs\MiKTeX\tex/generic/pgf/libraries/shapes\
pgflibraryshapes.misc.code.tex
File: pgflibraryshapes.misc.code.tex 2023-01-15 v3.1.10 (3.1.10)
))
(C:\Users\danpe\AppData\Local\Programs\MiKTeX\tex/generic/pgf/frontendlayer/tik
z/libraries\tikzlibraryshapes.symbols.code.tex
File: tikzlibraryshapes.symbols.code.tex 2023-01-15 v3.1.10 (3.1.10)

(C:\Users\danpe\AppData\Local\Programs\MiKTeX\tex/generic/pgf/libraries/shapes\
pgflibraryshapes.symbols.code.tex
File: pgflibraryshapes.symbols.code.tex 2023-01-15 v3.1.10 (3.1.10)
))
(C:\Users\danpe\AppData\Local\Programs\MiKTeX\tex/generic/pgf/frontendlayer/tik
z/libraries\tikzlibraryshapes.arrows.code.tex
File: tikzlibraryshapes.arrows.code.tex 2023-01-15 v3.1.10 (3.1.10)

(C:\Users\danpe\AppData\Local\Programs\MiKTeX\tex/generic/pgf/libraries/shapes\
pgflibraryshapes.arrows.code.tex
File: pgflibraryshapes.arrows.code.tex 2023-01-15 v3.1.10 (3.1.10)
))
(C:\Users\danpe\AppData\Local\Programs\MiKTeX\tex/generic/pgf/frontendlayer/tik
z/libraries\tikzlibraryshapes.callouts.code.tex
(C:\Users\danpe\AppData\Local\Programs\MiKTeX\tex/generic/pgf/libraries/shapes\
pgflibraryshapes.callouts.code.tex))
(C:\Users\danpe\AppData\Local\Programs\MiKTeX\tex/generic/pgf/frontendlayer/tik
z/libraries\tikzlibraryshapes.multipart.code.tex
File: tikzlibraryshapes.multipart.code.tex 2023-01-15 v3.1.10 (3.1.10)

(C:\Users\danpe\AppData\Local\Programs\MiKTeX\tex/generic/pgf/libraries/shapes\
pgflibraryshapes.multipart.code.tex
File: pgflibraryshapes.multipart.code.tex 2023-01-15 v3.1.10 (3.1.10)
\pgfnodepartlowerbox=\box83
\pgfnodeparttwobox=\box84
\pgfnodepartthreebox=\box85
\pgfnodepartfourbox=\box86
\pgfnodeparttwentybox=\box87
\pgfnodepartnineteenbox=\box88
\pgfnodeparteighteenbox=\box89
\pgfnodepartseventeenbox=\box90
\pgfnodepartsixteenbox=\box91
\pgfnodepartfifteenbox=\box92
\pgfnodepartfourteenbox=\box93
\pgfnodepartthirteenbox=\box94
\pgfnodeparttwelvebox=\box95
\pgfnodepartelevenbox=\box96
\pgfnodeparttenbox=\box97
\pgfnodepartninebox=\box98
\pgfnodeparteightbox=\box99
\pgfnodepartsevenbox=\box100
\pgfnodepartsixbox=\box101
\pgfnodepartfivebox=\box102
)))
(C:\Users\danpe\AppData\Local\Programs\MiKTeX\tex/generic/pgf/frontendlayer/tik
z/libraries\tikzlibrarycalc.code.tex
File: tikzlibrarycalc.code.tex 2023-01-15 v3.1.10 (3.1.10)
)
(C:\Users\danpe\AppData\Local\Programs\MiKTeX\tex/generic/pgf/frontendlayer/tik
z/libraries\tikzlibrarydecorations.pathreplacing.code.tex
(C:\Users\danpe\AppData\Local\Programs\MiKTeX\tex/generic/pgf/frontendlayer/tik
z/libraries\tikzlibrarydecorations.code.tex
(C:\Users\danpe\AppData\Local\Programs\MiKTeX\tex/generic/pgf/modules\pgfmodule
decorations.code.tex
\pgfdecoratedcompleteddistance=\dimen321
\pgfdecoratedremainingdistance=\dimen322
\pgfdecoratedinputsegmentcompleteddistance=\dimen323
\pgfdecoratedinputsegmentremainingdistance=\dimen324
\pgf@decorate@distancetomove=\dimen325
\pgf@decorate@repeatstate=\count351
\pgfdecorationsegmentamplitude=\dimen326
\pgfdecorationsegmentlength=\dimen327
)
\tikz@lib@dec@box=\box103
)
(C:\Users\danpe\AppData\Local\Programs\MiKTeX\tex/generic/pgf/libraries/decorat
ions\pgflibrarydecorations.pathreplacing.code.tex))
(C:\Users\danpe\AppData\Local\Programs\MiKTeX\tex/generic/pgf/frontendlayer/tik
z/libraries\tikzlibraryshadings.code.tex
File: tikzlibraryshadings.code.tex 2023-01-15 v3.1.10 (3.1.10)

(C:\Users\danpe\AppData\Local\Programs\MiKTeX\tex/generic/pgf/libraries\pgflibr
aryshadings.code.tex
File: pgflibraryshadings.code.tex 2023-01-15 v3.1.10 (3.1.10)
))
(C:\Users\danpe\AppData\Local\Programs\MiKTeX\tex/latex/booktabs\booktabs.sty
Package: booktabs 2020/01/12 v1.61803398 Publication quality tables
\heavyrulewidth=\dimen328
\lightrulewidth=\dimen329
\cmidrulewidth=\dimen330
\belowrulesep=\dimen331
\belowbottomsep=\dimen332
\aboverulesep=\dimen333
\abovetopsep=\dimen334
\cmidrulesep=\dimen335
\cmidrulekern=\dimen336
\defaultaddspace=\dimen337
\@cmidla=\count352
\@cmidlb=\count353
\@aboverulesep=\dimen338
\@belowrulesep=\dimen339
\@thisruleclass=\count354
\@lastruleclass=\count355
\@thisrulewidth=\dimen340
)
(C:\Users\danpe\AppData\Local\Programs\MiKTeX\tex/latex/multirow\multirow.sty
Package: multirow 2021/03/15 v2.8 Span multiple rows of a table
\multirow@colwidth=\skip69
\multirow@cntb=\count356
\multirow@dima=\skip70
\bigstrutjot=\dimen341
)
(C:\Users\danpe\AppData\Local\Programs\MiKTeX\tex/latex/tools\array.sty
Package: array 2023/10/16 v2.5g Tabular extension package (FMi)
\col@sep=\dimen342
\ar@mcellbox=\box104
\extrarowheight=\dimen343
\NC@list=\toks50
\extratabsurround=\skip71
\backup@length=\skip72
\ar@cellbox=\box105
)
(C:\Users\danpe\AppData\Local\Programs\MiKTeX\tex/latex/colortbl\colortbl.sty
Package: colortbl 2024/10/29 v1.0k Color table columns (DPC)
\everycr=\toks51
\minrowclearance=\skip73
\rownum=\count357
)
(C:\Users\danpe\AppData\Local\Programs\MiKTeX\tex/latex/psnfss\pifont.sty
Package: pifont 2020/03/25 PSNFSS-v9.3 Pi font support (SPQR) 
LaTeX Font Info:    Trying to load font information for U+pzd on input line 63.


(C:\Users\danpe\AppData\Local\Programs\MiKTeX\tex/latex/psnfss\upzd.fd
File: upzd.fd 2001/06/04 font definitions for U/pzd.
)
LaTeX Font Info:    Trying to load font information for U+psy on input line 64.


(C:\Users\danpe\AppData\Local\Programs\MiKTeX\tex/latex/psnfss\upsy.fd
File: upsy.fd 2001/06/04 font definitions for U/psy.
))
Package hyperref Info: Option `colorlinks' set `true' on input line 141.
\c@defn=\count358
\c@thm=\count359
\c@prop=\count360
\c@rmk=\count361
\slidelevelnum=\count362

(chapter2_stable_distributions_ro.aux)
\openout1 = `chapter2_stable_distributions_ro.aux'.

LaTeX Font Info:    Checking defaults for OML/cmm/m/it on input line 290.
LaTeX Font Info:    ... okay on input line 290.
LaTeX Font Info:    Checking defaults for OMS/cmsy/m/n on input line 290.
LaTeX Font Info:    ... okay on input line 290.
LaTeX Font Info:    Checking defaults for OT1/cmr/m/n on input line 290.
LaTeX Font Info:    ... okay on input line 290.
LaTeX Font Info:    Checking defaults for T1/cmr/m/n on input line 290.
LaTeX Font Info:    ... okay on input line 290.
LaTeX Font Info:    Checking defaults for TS1/cmr/m/n on input line 290.
LaTeX Font Info:    ... okay on input line 290.
LaTeX Font Info:    Checking defaults for OMX/cmex/m/n on input line 290.
LaTeX Font Info:    ... okay on input line 290.
LaTeX Font Info:    Checking defaults for U/cmr/m/n on input line 290.
LaTeX Font Info:    ... okay on input line 290.
LaTeX Font Info:    Checking defaults for PD1/pdf/m/n on input line 290.
LaTeX Font Info:    ... okay on input line 290.
LaTeX Font Info:    Checking defaults for PU/pdf/m/n on input line 290.
LaTeX Font Info:    ... okay on input line 290.

*geometry* driver: auto-detecting
*geometry* detected driver: pdftex
*geometry* verbose mode - [ preamble ] result:
* driver: pdftex
* paper: custom
* layout: <same size as paper>
* layoutoffset:(h,v)=(0.0pt,0.0pt)
* modes: includehead includefoot 
* h-part:(L,W,R)=(22.76219pt, 409.7197pt, 22.76219pt)
* v-part:(T,H,B)=(0.0pt, 256.0748pt, 0.0pt)
* \paperwidth=455.24408pt
* \paperheight=256.0748pt
* \textwidth=409.7197pt
* \textheight=227.62207pt
* \oddsidemargin=-49.5078pt
* \evensidemargin=-49.5078pt
* \topmargin=-72.26999pt
* \headheight=14.22636pt
* \headsep=0.0pt
* \topskip=9.0pt
* \footskip=14.22636pt
* \marginparwidth=4.0pt
* \marginparsep=10.0pt
* \columnsep=10.0pt
* \skip\footins=8.0pt plus 4.0pt minus 2.0pt
* \hoffset=0.0pt
* \voffset=0.0pt
* \mag=1000
* \@twocolumnfalse
* \@twosidefalse
* \@mparswitchfalse
* \@reversemarginfalse
* (1in=72.27pt=25.4mm, 1cm=28.453pt)


(C:\Users\danpe\AppData\Local\Programs\MiKTeX\tex/context/base/mkii\supp-pdf.mk
ii
[Loading MPS to PDF converter (version 2006.09.02).]
\scratchcounter=\count363
\scratchdimen=\dimen344
\scratchbox=\box106
\nofMPsegments=\count364
\nofMParguments=\count365
\everyMPshowfont=\toks52
\MPscratchCnt=\count366
\MPscratchDim=\dimen345
\MPnumerator=\count367
\makeMPintoPDFobject=\count368
\everyMPtoPDFconversion=\toks53
)
(C:\Users\danpe\AppData\Local\Programs\MiKTeX\tex/latex/epstopdf-pkg\epstopdf-b
ase.sty
Package: epstopdf-base 2020-01-24 v2.11 Base part for package epstopdf
Package epstopdf-base Info: Redefining graphics rule for `.eps' on input line 4
85.

(C:\Users\danpe\AppData\Local\Programs\MiKTeX\tex/latex/00miktex\epstopdf-sys.c
fg
File: epstopdf-sys.cfg 2021/03/18 v2.0 Configuration of epstopdf for MiKTeX
))
Package hyperref Info: Link coloring ON on input line 290.
 (chapter2_stable_distributions_ro.out)
(chapter2_stable_distributions_ro.out)
\@outlinefile=\write5
\openout5 = `chapter2_stable_distributions_ro.out'.

LaTeX Font Info:    Overwriting symbol font `operators' in version `normal'
(Font)                  OT1/cmr/m/n --> OT1/cmss/m/n on input line 290.
LaTeX Font Info:    Overwriting symbol font `operators' in version `bold'
(Font)                  OT1/cmr/bx/n --> OT1/cmss/b/n on input line 290.
\symnumbers=\mathgroup11
LaTeX Font Info:    Redeclaring symbol font `pureletters' on input line 290.
LaTeX Font Info:    Encoding `OT1' has changed to `T1' for symbol font
(Font)              `pureletters' in the math version `normal' on input line 29
0.
LaTeX Font Info:    Overwriting symbol font `pureletters' in version `normal'
(Font)                  OT1/mathkerncmss/m/sl --> T1/cmss/m/it on input line 29
0.
LaTeX Font Info:    Encoding `OT1' has changed to `T1' for symbol font
(Font)              `pureletters' in the math version `bold' on input line 290.

LaTeX Font Info:    Overwriting symbol font `pureletters' in version `bold'
(Font)                  OT1/mathkerncmss/bx/sl --> T1/cmss/m/it on input line 2
90.
LaTeX Font Info:    Overwriting math alphabet `\mathrm' in version `normal'
(Font)                  OT1/cmss/m/n --> T1/cmr/m/n on input line 290.
LaTeX Font Info:    Redeclaring math alphabet \mathbf on input line 290.
LaTeX Font Info:    Redeclaring math alphabet \mathsf on input line 290.
LaTeX Font Info:    Overwriting math alphabet `\mathsf' in version `normal'
(Font)                  OT1/cmss/m/n --> T1/cmss/m/n on input line 290.
LaTeX Font Info:    Overwriting math alphabet `\mathsf' in version `bold'
(Font)                  OT1/cmss/bx/n --> T1/cmss/m/n on input line 290.
LaTeX Font Info:    Redeclaring math alphabet \mathit on input line 290.
LaTeX Font Info:    Overwriting math alphabet `\mathit' in version `normal'
(Font)                  OT1/cmr/m/it --> T1/cmss/m/it on input line 290.
LaTeX Font Info:    Overwriting math alphabet `\mathit' in version `bold'
(Font)                  OT1/cmr/bx/it --> T1/cmss/m/it on input line 290.
LaTeX Font Info:    Redeclaring math alphabet \mathtt on input line 290.
LaTeX Font Info:    Overwriting math alphabet `\mathtt' in version `normal'
(Font)                  OT1/cmtt/m/n --> T1/cmtt/m/n on input line 290.
LaTeX Font Info:    Overwriting math alphabet `\mathtt' in version `bold'
(Font)                  OT1/cmtt/m/n --> T1/cmtt/m/n on input line 290.
LaTeX Font Info:    Overwriting symbol font `numbers' in version `bold'
(Font)                  T1/cmss/m/n --> T1/cmss/b/n on input line 290.
LaTeX Font Info:    Overwriting symbol font `pureletters' in version `bold'
(Font)                  T1/cmss/m/it --> T1/cmss/b/it on input line 290.
LaTeX Font Info:    Overwriting math alphabet `\mathrm' in version `bold'
(Font)                  OT1/cmss/b/n --> T1/cmr/b/n on input line 290.
LaTeX Font Info:    Overwriting math alphabet `\mathbf' in version `bold'
(Font)                  T1/cmss/b/n --> T1/cmss/b/n on input line 290.
LaTeX Font Info:    Overwriting math alphabet `\mathsf' in version `bold'
(Font)                  T1/cmss/m/n --> T1/cmss/b/n on input line 290.
LaTeX Font Info:    Overwriting math alphabet `\mathit' in version `bold'
(Font)                  T1/cmss/m/it --> T1/cmss/b/it on input line 290.
LaTeX Font Info:    Overwriting math alphabet `\mathtt' in version `bold'
(Font)                  T1/cmtt/m/n --> T1/cmtt/b/n on input line 290.
LaTeX Font Info:    Redeclaring symbol font `pureletters' on input line 290.
LaTeX Font Info:    Encoding `T1' has changed to `OT1' for symbol font
(Font)              `pureletters' in the math version `normal' on input line 29
0.
LaTeX Font Info:    Overwriting symbol font `pureletters' in version `normal'
(Font)                  T1/cmss/m/it --> OT1/mathkerncmss/m/sl on input line 29
0.
LaTeX Font Info:    Encoding `T1' has changed to `OT1' for symbol font
(Font)              `pureletters' in the math version `bold' on input line 290.

LaTeX Font Info:    Overwriting symbol font `pureletters' in version `bold'
(Font)                  T1/cmss/b/it --> OT1/mathkerncmss/m/sl on input line 29
0.
LaTeX Font Info:    Overwriting symbol font `pureletters' in version `bold'
(Font)                  OT1/mathkerncmss/m/sl --> OT1/mathkerncmss/bx/sl on inp
ut line 290.

(C:\Users\danpe\AppData\Local\Programs\MiKTeX\tex/latex/translator\translator-b
asic-dictionary-English.dict
Dictionary: translator-basic-dictionary, Language: English 
)
(C:\Users\danpe\AppData\Local\Programs\MiKTeX\tex/latex/translator\translator-b
ibliography-dictionary-English.dict
Dictionary: translator-bibliography-dictionary, Language: English 
)
(C:\Users\danpe\AppData\Local\Programs\MiKTeX\tex/latex/translator\translator-e
nvironment-dictionary-English.dict
Dictionary: translator-environment-dictionary, Language: English 
)
(C:\Users\danpe\AppData\Local\Programs\MiKTeX\tex/latex/translator\translator-m
onths-dictionary-English.dict
Dictionary: translator-months-dictionary, Language: English 
)
(C:\Users\danpe\AppData\Local\Programs\MiKTeX\tex/latex/translator\translator-n
umbers-dictionary-English.dict
Dictionary: translator-numbers-dictionary, Language: English 
)
(C:\Users\danpe\AppData\Local\Programs\MiKTeX\tex/latex/translator\translator-t
heorem-dictionary-English.dict
Dictionary: translator-theorem-dictionary, Language: English 
) (chapter2_stable_distributions_ro.nav)
LaTeX Font Info:    Trying to load font information for U+msa on input line 290
.

(C:\Users\danpe\AppData\Local\Programs\MiKTeX\tex/latex/amsfonts\umsa.fd
File: umsa.fd 2013/01/14 v3.01 AMS symbols A
)
LaTeX Font Info:    Trying to load font information for U+msb on input line 290
.

(C:\Users\danpe\AppData\Local\Programs\MiKTeX\tex/latex/amsfonts\umsb.fd
File: umsb.fd 2013/01/14 v3.01 AMS symbols B
)
LaTeX Font Info:    Trying to load font information for OT1+mathkerncmss on inp
ut line 290.

(C:\Users\danpe\AppData\Local\Programs\MiKTeX\tex/latex/sansmathaccent\ot1mathk
erncmss.fd
File: ot1mathkerncmss.fd 2020/01/31 Fontinst v1.933 font definitions for OT1/ma
thkerncmss.
)
<../../logos/ase_logo.png, id=85, 422.57875pt x 298.11375pt>
File: ../../logos/ase_logo.png Graphic file (type png)
<use ../../logos/ase_logo.png>
Package pdftex.def Info: ../../logos/ase_logo.png  used on input line 298.
(pdftex.def)             Requested size: 40.32594pt x 28.45274pt.
<../../logos/ida_logo.png, id=88, 161.60374pt x 85.31876pt>
File: ../../logos/ida_logo.png Graphic file (type png)
<use ../../logos/ida_logo.png>
Package pdftex.def Info: ../../logos/ida_logo.png  used on input line 298.
(pdftex.def)             Requested size: 53.89162pt x 28.45274pt.
<../../logos/brc_logo.png, id=90, 131.49126pt x 131.49126pt>
File: ../../logos/brc_logo.png Graphic file (type png)
<use ../../logos/brc_logo.png>
Package pdftex.def Info: ../../logos/brc_logo.png  used on input line 298.
(pdftex.def)             Requested size: 28.45264pt x 28.45274pt.
<../../logos/ai4efin_logo.png, id=92, 99.37125pt x 99.37125pt>
File: ../../logos/ai4efin_logo.png Graphic file (type png)
<use ../../logos/ai4efin_logo.png>
Package pdftex.def Info: ../../logos/ai4efin_logo.png  used on input line 298.
(pdftex.def)             Requested size: 28.453pt x 28.45274pt.
<../../logos/acad_logo.png, id=94, 111.41624pt x 111.41624pt>
File: ../../logos/acad_logo.png Graphic file (type png)
<use ../../logos/acad_logo.png>
Package pdftex.def Info: ../../logos/acad_logo.png  used on input line 298.
(pdftex.def)             Requested size: 28.45241pt x 28.45274pt.
<../../logos/msca_logo.png, id=96, 98.3675pt x 95.35625pt>
File: ../../logos/msca_logo.png Graphic file (type png)
<use ../../logos/msca_logo.png>
Package pdftex.def Info: ../../logos/msca_logo.png  used on input line 298.
(pdftex.def)             Requested size: 29.35136pt x 28.45274pt.
<ql_logo.png, id=98, 157.58875pt x 151.56625pt>
File: ql_logo.png Graphic file (type png)
<use ql_logo.png>
Package pdftex.def Info: ql_logo.png  used on input line 298.
(pdftex.def)             Requested size: 32.54155pt x 31.2982pt.
<qr_logo.png, id=100, 200.75pt x 149.55875pt>
File: qr_logo.png Graphic file (type png)
<use qr_logo.png>
Package pdftex.def Info: qr_logo.png  used on input line 298.
(pdftex.def)             Requested size: 42.00864pt x 31.2982pt.

Overfull \hbox (1.03418pt too wide) in paragraph at lines 298--298
 [][][][][][] 
 []

[1

{C:/Users/danpe/AppData/Local/MiKTeX/fonts/map/pdftex/pdftex.map} <../../logos/
ase_logo.png> <../../logos/ida_logo.png> <../../logos/brc_logo.png> <../../logo
s/ai4efin_logo.png> <../../logos/acad_logo.png> <../../logos/msca_logo.png> <./
ql_logo.png> <./qr_logo.png>] [2

] [3

] [4

] [5

] [6

] [7

] [8

]
<../../charts/ch2_sp500_history.pdf, id=172, 478.69652pt x 309.1097pt>
File: ../../charts/ch2_sp500_history.pdf Graphic file (type pdf)
<use ../../charts/ch2_sp500_history.pdf>
Package pdftex.def Info: ../../charts/ch2_sp500_history.pdf  used on input line
 507.
(pdftex.def)             Requested size: 245.8343pt x 158.74283pt.
File: ql_logo.png Graphic file (type png)
<use ql_logo.png>
Package pdftex.def Info: ql_logo.png  used on input line 507.
(pdftex.def)             Requested size: 6.73048pt x 6.47339pt.
 [9

 <../../charts/ch2_sp500_history.pdf>] [10

] [11

]
<../../charts/ch2_normal_vs_empirical.pdf, id=271, 320.41144pt x 259.09656pt>
File: ../../charts/ch2_normal_vs_empirical.pdf Graphic file (type pdf)
<use ../../charts/ch2_normal_vs_empirical.pdf>
Package pdftex.def Info: ../../charts/ch2_normal_vs_empirical.pdf  used on inpu
t line 582.
(pdftex.def)             Requested size: 188.47067pt x 152.40308pt.
File: ql_logo.png Graphic file (type png)
<use ql_logo.png>
Package pdftex.def Info: ql_logo.png  used on input line 582.
(pdftex.def)             Requested size: 6.73048pt x 6.47339pt.
LaTeX Font Info:    Font shape `OT1/cmss/b/n' in size <8> not available
(Font)              Font shape `OT1/cmss/bx/n' tried instead on input line 582.

LaTeX Font Info:    Font shape `OT1/cmss/b/n' in size <6> not available
(Font)              Font shape `OT1/cmss/bx/n' tried instead on input line 582.

LaTeX Font Info:    Font shape `OT1/cmss/b/n' in size <5> not available
(Font)              Font shape `OT1/cmss/bx/n' tried instead on input line 582.



LaTeX Font Warning: Font shape `T1/cmss/b/n' undefined
(Font)              using `T1/cmss/m/n' instead on input line 582.

[12

 <../../charts/ch2_normal_vs_empirical.pdf>] [13

] [14

]
<../../charts/ch2_gbm_vs_levy.pdf, id=354, 539.29416pt x 250.82834pt>
File: ../../charts/ch2_gbm_vs_levy.pdf Graphic file (type pdf)
<use ../../charts/ch2_gbm_vs_levy.pdf>
Package pdftex.def Info: ../../charts/ch2_gbm_vs_levy.pdf  used on input line 6
62.
(pdftex.def)             Requested size: 184.3726pt x 85.75127pt.
File: ql_logo.png Graphic file (type png)
<use ql_logo.png>
Package pdftex.def Info: ql_logo.png  used on input line 662.
(pdftex.def)             Requested size: 6.73048pt x 6.47339pt.
 [15

 <../../charts/ch2_gbm_vs_levy.pdf>] [16

] [17

] [18

]
<../../charts/ch2_normal_pdf_theoretical.pdf, id=424, 495.99304pt x 292.33417pt
>
File: ../../charts/ch2_normal_pdf_theoretical.pdf Graphic file (type pdf)
<use ../../charts/ch2_normal_pdf_theoretical.pdf>
Package pdftex.def Info: ../../charts/ch2_normal_pdf_theoretical.pdf  used on i
nput line 762.
(pdftex.def)             Requested size: 213.05598pt x 125.57187pt.
File: ql_logo.png Graphic file (type png)
<use ql_logo.png>
Package pdftex.def Info: ql_logo.png  used on input line 762.
(pdftex.def)             Requested size: 6.73048pt x 6.47339pt.
 [19

 <../../charts/ch2_normal_pdf_theoretical.pdf>] [20

]
<../../charts/ch2_clt_illustration.png, id=494, 863.3856pt x 570.2103pt>
File: ../../charts/ch2_clt_illustration.png Graphic file (type png)
<use ../../charts/ch2_clt_illustration.png>
Package pdftex.def Info: ../../charts/ch2_clt_illustration.png  used on input l
ine 802.
(pdftex.def)             Requested size: 204.85985pt x 135.29584pt.
File: ql_logo.png Graphic file (type png)
<use ql_logo.png>
Package pdftex.def Info: ql_logo.png  used on input line 802.
(pdftex.def)             Requested size: 6.73048pt x 6.47339pt.
 [21

 <../../charts/ch2_clt_illustration.png>]
<../../charts/ch2_normal_fit.png, id=502, 502.0356pt x 338.4645pt>
File: ../../charts/ch2_normal_fit.png Graphic file (type png)
<use ../../charts/ch2_normal_fit.png>
Package pdftex.def Info: ../../charts/ch2_normal_fit.png  used on input line 81
5.
(pdftex.def)             Requested size: 204.85985pt x 138.11028pt.
File: ql_logo.png Graphic file (type png)
<use ql_logo.png>
Package pdftex.def Info: ql_logo.png  used on input line 815.
(pdftex.def)             Requested size: 6.73048pt x 6.47339pt.
 [22

 <../../charts/ch2_normal_fit.png>] [23

] [24

] [25

]
<../../charts/ch2_normality_tests.png, id=527, 912.2883pt x 349.7868pt>
File: ../../charts/ch2_normality_tests.png Graphic file (type png)
<use ../../charts/ch2_normality_tests.png>
Package pdftex.def Info: ../../charts/ch2_normality_tests.png  used on input li
ne 885.
(pdftex.def)             Requested size: 278.60638pt x 106.8209pt.
File: ql_logo.png Graphic file (type png)
<use ql_logo.png>
Package pdftex.def Info: ql_logo.png  used on input line 885.
(pdftex.def)             Requested size: 6.73048pt x 6.47339pt.
 [26

 <../../charts/ch2_normality_tests.png>]
[27

] [28

] [29

] [30

] [31

] [32

] [33

] [34

] [35

] [36

] [37

]
<../../charts/ch2_volatility_clustering.pdf, id=596, 392.75609pt x 274.4201pt>
File: ../../charts/ch2_volatility_clustering.pdf Graphic file (type pdf)
<use ../../charts/ch2_volatility_clustering.pdf>
Package pdftex.def Info: ../../charts/ch2_volatility_clustering.pdf  used on in
put line 1148.
(pdftex.def)             Requested size: 225.34708pt x 157.45116pt.
File: ql_logo.png Graphic file (type png)
<use ql_logo.png>
Package pdftex.def Info: ql_logo.png  used on input line 1148.
(pdftex.def)             Requested size: 6.73048pt x 6.47339pt.
 [38

 <../../charts/ch2_volatility_clustering.pdf>] [39

] [40

]
<../../charts/ch2_var_comparison.png, id=668, 502.0356pt x 342.078pt>
File: ../../charts/ch2_var_comparison.png Graphic file (type png)
<use ../../charts/ch2_var_comparison.png>
Package pdftex.def Info: ../../charts/ch2_var_comparison.png  used on input lin
e 1229.
(pdftex.def)             Requested size: 196.6637pt x 133.9997pt.
File: ql_logo.png Graphic file (type png)
<use ql_logo.png>
Package pdftex.def Info: ql_logo.png  used on input line 1229.
(pdftex.def)             Requested size: 6.73048pt x 6.47339pt.
 [41

 <../../charts/ch2_var_comparison.png>]
[42

]

Package hyperref Warning: Token not allowed in a PDF string (Unicode):
(hyperref)                removing `math shift' on input line 1257.


Package hyperref Warning: Token not allowed in a PDF string (Unicode):
(hyperref)                removing `math shift' on input line 1257.

[43

]
<../../charts/ch2_student_t_pdf_theoretical.pdf, id=688, 488.9467pt x 291.1491p
t>
File: ../../charts/ch2_student_t_pdf_theoretical.pdf Graphic file (type pdf)
<use ../../charts/ch2_student_t_pdf_theoretical.pdf>
Package pdftex.def Info: ../../charts/ch2_student_t_pdf_theoretical.pdf  used o
n input line 1290.
(pdftex.def)             Requested size: 237.63817pt x 141.50479pt.
File: ql_logo.png Graphic file (type png)
<use ql_logo.png>
Package pdftex.def Info: ql_logo.png  used on input line 1290.
(pdftex.def)             Requested size: 6.73048pt x 6.47339pt.
 [44

 <../../charts/ch2_student_t_pdf_theoretical.pdf>]
<../../charts/ch2_student_t_fit.png, id=758, 501.072pt x 339.9099pt>
File: ../../charts/ch2_student_t_fit.png Graphic file (type png)
<use ../../charts/ch2_student_t_fit.png>
Package pdftex.def Info: ../../charts/ch2_student_t_fit.png  used on input line
 1303.
(pdftex.def)             Requested size: 184.3726pt x 125.06969pt.
File: ql_logo.png Graphic file (type png)
<use ql_logo.png>
Package pdftex.def Info: ql_logo.png  used on input line 1303.
(pdftex.def)             Requested size: 6.73048pt x 6.47339pt.
 [45

 <../../charts/ch2_student_t_fit.png>] [46

] [47

]
<../../charts/ch2_dist_comparison_overlay.png, id=776, 501.072pt x 331.4784pt>
File: ../../charts/ch2_dist_comparison_overlay.png Graphic file (type png)
<use ../../charts/ch2_dist_comparison_overlay.png>
Package pdftex.def Info: ../../charts/ch2_dist_comparison_overlay.png  used on 
input line 1373.
(pdftex.def)             Requested size: 155.69548pt x 103.00002pt.
File: ql_logo.png Graphic file (type png)
<use ql_logo.png>
Package pdftex.def Info: ql_logo.png  used on input line 1373.
(pdftex.def)             Requested size: 6.73048pt x 6.47339pt.
 [48

 <../../charts/ch2_dist_comparison_overlay.png>] [49

] [50

] [51

] [52

] [53

] [54

]
<../../charts/ch2_skew_t_pdf_theoretical.pdf, id=822, 556.47902pt x 292.18661pt
>
File: ../../charts/ch2_skew_t_pdf_theoretical.pdf Graphic file (type pdf)
<use ../../charts/ch2_skew_t_pdf_theoretical.pdf>
Package pdftex.def Info: ../../charts/ch2_skew_t_pdf_theoretical.pdf  used on i
nput line 1538.
(pdftex.def)             Requested size: 237.63817pt x 124.77286pt.
 [55

 <../../charts/ch2_skew_t_pdf_theoretical.pdf>] [56

] [57

] [58

] [59

]
<../../charts/ch2_skew_t_densities.pdf, id=902, 564.68405pt x 252.23987pt>
File: ../../charts/ch2_skew_t_densities.pdf Graphic file (type pdf)
<use ../../charts/ch2_skew_t_densities.pdf>
Package pdftex.def Info: ../../charts/ch2_skew_t_densities.pdf  used on input l
ine 1647.
(pdftex.def)             Requested size: 307.28976pt x 137.26978pt.
File: ql_logo.png Graphic file (type png)
<use ql_logo.png>
Package pdftex.def Info: ql_logo.png  used on input line 1647.
(pdftex.def)             Requested size: 6.73048pt x 6.47339pt.
 [60

 <../../charts/ch2_skew_t_densities.pdf>]
[61

]

Package hyperref Warning: Token not allowed in a PDF string (Unicode):
(hyperref)                removing `math shift' on input line 1681.


Package hyperref Warning: Token not allowed in a PDF string (Unicode):
(hyperref)                removing `\alpha' on input line 1681.


Package hyperref Warning: Token not allowed in a PDF string (Unicode):
(hyperref)                removing `math shift' on input line 1681.

[62

]
<../../charts/ch2_stable_pdf_theoretical.pdf, id=972, 575.75098pt x 292.31207pt
>
File: ../../charts/ch2_stable_pdf_theoretical.pdf Graphic file (type pdf)
<use ../../charts/ch2_stable_pdf_theoretical.pdf>
Package pdftex.def Info: ../../charts/ch2_stable_pdf_theoretical.pdf  used on i
nput line 1717.
(pdftex.def)             Requested size: 213.05598pt x 108.1716pt.
 [63

 <../../charts/ch2_stable_pdf_theoretical.pdf>] [64

]
<../../charts/ch2_sample_var_diverge.pdf, id=1037, 355.85446pt x 262.54694pt>
File: ../../charts/ch2_sample_var_diverge.pdf Graphic file (type pdf)
<use ../../charts/ch2_sample_var_diverge.pdf>
Package pdftex.def Info: ../../charts/ch2_sample_var_diverge.pdf  used on input
 line 1745.
(pdftex.def)             Requested size: 163.88538pt x 120.91327pt.
File: ql_logo.png Graphic file (type png)
<use ql_logo.png>
Package pdftex.def Info: ql_logo.png  used on input line 1745.
(pdftex.def)             Requested size: 6.73048pt x 6.47339pt.
 [65

 <../../charts/ch2_sample_var_diverge.pdf>]
<../../charts/ch2_sp500_stable_fit.png, id=1109, 501.072pt x 339.9099pt>
File: ../../charts/ch2_sp500_stable_fit.png Graphic file (type png)
<use ../../charts/ch2_sp500_stable_fit.png>
Package pdftex.def Info: ../../charts/ch2_sp500_stable_fit.png  used on input l
ine 1759.
(pdftex.def)             Requested size: 204.85985pt x 138.96977pt.
File: ql_logo.png Graphic file (type png)
<use ql_logo.png>
Package pdftex.def Info: ql_logo.png  used on input line 1759.
(pdftex.def)             Requested size: 6.73048pt x 6.47339pt.
 [66

 <../../charts/ch2_sp500_stable_fit.png>]
<../../charts/ch2_dist_comparison_tails.png, id=1117, 1007.4438pt x 337.0191pt>

File: ../../charts/ch2_dist_comparison_tails.png Graphic file (type png)
<use ../../charts/ch2_dist_comparison_tails.png>
Package pdftex.def Info: ../../charts/ch2_dist_comparison_tails.png  used on in
put line 1781.
(pdftex.def)             Requested size: 266.31529pt x 89.0885pt.
File: ql_logo.png Graphic file (type png)
<use ql_logo.png>
Package pdftex.def Info: ql_logo.png  used on input line 1781.
(pdftex.def)             Requested size: 6.73048pt x 6.47339pt.

[67

 <../../charts/ch2_dist_comparison_tails.png>]
LaTeX Font Info:    Trying to load font information for T1+cmtt on input line 1
810.

(C:\Users\danpe\AppData\Local\Programs\MiKTeX\tex/latex/base\t1cmtt.fd
File: t1cmtt.fd 2023/04/13 v2.5m Standard LaTeX font definitions
)
[68

] [69

]
<../../charts/ch2_stable_pdfs.png, id=1137, 1008.1665pt x 332.6829pt>
File: ../../charts/ch2_stable_pdfs.png Graphic file (type png)
<use ../../charts/ch2_stable_pdfs.png>
Package pdftex.def Info: ../../charts/ch2_stable_pdfs.png  used on input line 1
843.
(pdftex.def)             Requested size: 294.99867pt x 97.34361pt.
File: ql_logo.png Graphic file (type png)
<use ql_logo.png>
Package pdftex.def Info: ql_logo.png  used on input line 1843.
(pdftex.def)             Requested size: 6.73048pt x 6.47339pt.
 [70

 <../../charts/ch2_stable_pdfs.png>]
<../../charts/ch2_cross_asset_alpha.png, id=1145, 499.6266pt x 285.4665pt>
File: ../../charts/ch2_cross_asset_alpha.png Graphic file (type png)
<use ../../charts/ch2_cross_asset_alpha.png>
Package pdftex.def Info: ../../charts/ch2_cross_asset_alpha.png  used on input 
line 1871.
(pdftex.def)             Requested size: 196.6637pt x 112.36382pt.
File: ql_logo.png Graphic file (type png)
<use ql_logo.png>
Package pdftex.def Info: ql_logo.png  used on input line 1871.
(pdftex.def)             Requested size: 6.73048pt x 6.47339pt.
 [71

 <../../charts/ch2_cross_asset_alpha.png>] [72

] [73

] [74

] [75

]
<../../charts/ch2_tail_survival.png, id=1176, 500.8311pt x 338.4645pt>
File: ../../charts/ch2_tail_survival.png Graphic file (type png)
<use ../../charts/ch2_tail_survival.png>
Package pdftex.def Info: ../../charts/ch2_tail_survival.png  used on input line
 1996.
(pdftex.def)             Requested size: 102.42992pt x 69.2204pt.
File: ql_logo.png Graphic file (type png)
<use ql_logo.png>
Package pdftex.def Info: ql_logo.png  used on input line 1996.
(pdftex.def)             Requested size: 6.73048pt x 6.47339pt.
 [76

 <../../charts/ch2_tail_survival.png>]
[77

] [78

] [79

]
<../../charts/ch2_evt_gpd_pot.png, id=1200, 1007.9256pt x 332.2011pt>
File: ../../charts/ch2_evt_gpd_pot.png Graphic file (type png)
<use ../../charts/ch2_evt_gpd_pot.png>
Package pdftex.def Info: ../../charts/ch2_evt_gpd_pot.png  used on input line 2
091.
(pdftex.def)             Requested size: 172.08151pt x 56.71167pt.
File: ql_logo.png Graphic file (type png)
<use ql_logo.png>
Package pdftex.def Info: ql_logo.png  used on input line 2091.
(pdftex.def)             Requested size: 6.73048pt x 6.47339pt.
 [80

 <../../charts/ch2_evt_gpd_pot.png>]
<../../charts/ch2_evt_gev_fit.png, id=1208, 502.0356pt x 340.1508pt>
File: ../../charts/ch2_evt_gev_fit.png Graphic file (type png)
<use ../../charts/ch2_evt_gev_fit.png>
Package pdftex.def Info: ../../charts/ch2_evt_gev_fit.png  used on input line 2
104.
(pdftex.def)             Requested size: 184.3726pt x 124.91957pt.
File: ql_logo.png Graphic file (type png)
<use ql_logo.png>
Package pdftex.def Info: ql_logo.png  used on input line 2104.
(pdftex.def)             Requested size: 6.73048pt x 6.47339pt.
 [81

 <../../charts/ch2_evt_gev_fit.png>] [82

]
<../../charts/ch2_gev_pdf_theoretical.pdf, id=1221, 511.31024pt x 292.76978pt>
File: ../../charts/ch2_gev_pdf_theoretical.pdf Graphic file (type pdf)
<use ../../charts/ch2_gev_pdf_theoretical.pdf>
Package pdftex.def Info: ../../charts/ch2_gev_pdf_theoretical.pdf  used on inpu
t line 2138.
(pdftex.def)             Requested size: 237.63817pt x 136.06952pt.
 [83

 <../../charts/ch2_gev_pdf_theoretical.pdf>] [84

]
<../../charts/ch2_gpd_pdf_theoretical.pdf, id=1291, 496.02315pt x 292.98659pt>
File: ../../charts/ch2_gpd_pdf_theoretical.pdf Graphic file (type pdf)
<use ../../charts/ch2_gpd_pdf_theoretical.pdf>
Package pdftex.def Info: ../../charts/ch2_gpd_pdf_theoretical.pdf  used on inpu
t line 2175.
(pdftex.def)             Requested size: 213.05598pt x 125.84319pt.

[85

 <../../charts/ch2_gpd_pdf_theoretical.pdf>]
<../../charts/ch2_evt_var_es.png, id=1358, 1008.1665pt x 342.8007pt>
File: ../../charts/ch2_evt_var_es.png Graphic file (type png)
<use ../../charts/ch2_evt_var_es.png>
Package pdftex.def Info: ../../charts/ch2_evt_var_es.png  used on input line 21
94.
(pdftex.def)             Requested size: 245.8343pt x 83.58675pt.
File: ql_logo.png Graphic file (type png)
<use ql_logo.png>
Package pdftex.def Info: ql_logo.png  used on input line 2194.
(pdftex.def)             Requested size: 6.73048pt x 6.47339pt.
 [86

 <../../charts/ch2_evt_var_es.png>]
<../../charts/ch2_mean_excess_plot.pdf, id=1367, 353.84697pt x 232.5518pt>
File: ../../charts/ch2_mean_excess_plot.pdf Graphic file (type pdf)
<use ../../charts/ch2_mean_excess_plot.pdf>
Package pdftex.def Info: ../../charts/ch2_mean_excess_plot.pdf  used on input l
ine 2211.
(pdftex.def)             Requested size: 163.88538pt x 107.7061pt.
File: ql_logo.png Graphic file (type png)
<use ql_logo.png>
Package pdftex.def Info: ql_logo.png  used on input line 2211.
(pdftex.def)             Requested size: 6.73048pt x 6.47339pt.
 [87

 <../../charts/ch2_mean_excess_plot.pdf>] [88

] [89

]
<../../charts/ch2_hill_plot.pdf, id=1451, 539.0589pt x 244.31966pt>
File: ../../charts/ch2_hill_plot.pdf Graphic file (type pdf)
<use ../../charts/ch2_hill_plot.pdf>
Package pdftex.def Info: ../../charts/ch2_hill_plot.pdf  used on input line 225
8.
(pdftex.def)             Requested size: 286.80254pt x 129.99207pt.
File: ql_logo.png Graphic file (type png)
<use ql_logo.png>
Package pdftex.def Info: ql_logo.png  used on input line 2258.
(pdftex.def)             Requested size: 6.73048pt x 6.47339pt.
 [90

 <../../charts/ch2_hill_plot.pdf>] [91

] [92

] [93

]
File: ../../charts/ch2_dist_comparison_overlay.png Graphic file (type png)
<use ../../charts/ch2_dist_comparison_overlay.png>
Package pdftex.def Info: ../../charts/ch2_dist_comparison_overlay.png  used on 
input line 2359.
(pdftex.def)             Requested size: 204.85985pt x 135.5226pt.
File: ql_logo.png Graphic file (type png)
<use ql_logo.png>
Package pdftex.def Info: ql_logo.png  used on input line 2359.
(pdftex.def)             Requested size: 6.73048pt x 6.47339pt.
 [94

]
<../../charts/ch2_dist_comparison_qq.png, id=1552, 718.8456pt x 650.1891pt>
File: ../../charts/ch2_dist_comparison_qq.png Graphic file (type png)
<use ../../charts/ch2_dist_comparison_qq.png>
Package pdftex.def Info: ../../charts/ch2_dist_comparison_qq.png  used on input
 line 2379.
(pdftex.def)             Requested size: 167.16533pt x 151.19716pt.
File: ql_logo.png Graphic file (type png)
<use ql_logo.png>
Package pdftex.def Info: ql_logo.png  used on input line 2379.
(pdftex.def)             Requested size: 6.73048pt x 6.47339pt.
 [95

 <../../charts/ch2_dist_comparison_qq.png>] [96

]
File: ../../charts/ch2_dist_comparison_tails.png Graphic file (type png)
<use ../../charts/ch2_dist_comparison_tails.png>
Package pdftex.def Info: ../../charts/ch2_dist_comparison_tails.png  used on in
put line 2420.
(pdftex.def)             Requested size: 266.31529pt x 89.0885pt.
File: ql_logo.png Graphic file (type png)
<use ql_logo.png>
Package pdftex.def Info: ql_logo.png  used on input line 2420.
(pdftex.def)             Requested size: 6.73048pt x 6.47339pt.
 [97

] [98

] [99

]
<../../charts/ch2_risk_comparison_table.png, id=1585, 719.8092pt x 332.442pt>
File: ../../charts/ch2_risk_comparison_table.png Graphic file (type png)
<use ../../charts/ch2_risk_comparison_table.png>
Package pdftex.def Info: ../../charts/ch2_risk_comparison_table.png  used on in
put line 2481.
(pdftex.def)             Requested size: 266.31529pt x 122.99654pt.
File: ql_logo.png Graphic file (type png)
<use ql_logo.png>
Package pdftex.def Info: ql_logo.png  used on input line 2481.
(pdftex.def)             Requested size: 6.73048pt x 6.47339pt.
 [100

 <../../charts/ch2_risk_comparison_table.png>] [101

] [102

] [103

] [104

] [105

] [106

] [107

] [108

] [109

] [110

] [111

] [112

]
[113

] [114

]
File: ../../charts/ch2_var_comparison.png Graphic file (type png)
<use ../../charts/ch2_var_comparison.png>
Package pdftex.def Info: ../../charts/ch2_var_comparison.png  used on input lin
e 2836.
(pdftex.def)             Requested size: 204.85985pt x 139.58476pt.
File: ql_logo.png Graphic file (type png)
<use ql_logo.png>
Package pdftex.def Info: ql_logo.png  used on input line 2836.
(pdftex.def)             Requested size: 6.73048pt x 6.47339pt.
 [115

] [116

]
<../../charts/ch2_var_subadditivity.pdf, id=1677, 529.7899pt x 237.84346pt>
File: ../../charts/ch2_var_subadditivity.pdf Graphic file (type pdf)
<use ../../charts/ch2_var_subadditivity.pdf>
Package pdftex.def Info: ../../charts/ch2_var_subadditivity.pdf  used on input 
line 2869.
(pdftex.def)             Requested size: 307.28976pt x 137.95291pt.
File: ql_logo.png Graphic file (type png)
<use ql_logo.png>
Package pdftex.def Info: ql_logo.png  used on input line 2869.
(pdftex.def)             Requested size: 6.73048pt x 6.47339pt.
 [117

 <../../charts/ch2_var_subadditivity.pdf>] [118

]
[119

] [120

]
<../../charts/ch2_var_backtest.png, id=1756, 838.0911pt x 450.0012pt>
File: ../../charts/ch2_var_backtest.png Graphic file (type png)
<use ../../charts/ch2_var_backtest.png>
Package pdftex.def Info: ../../charts/ch2_var_backtest.png  used on input line 
2958.
(pdftex.def)             Requested size: 213.05598pt x 114.39516pt.
File: ql_logo.png Graphic file (type png)
<use ql_logo.png>
Package pdftex.def Info: ql_logo.png  used on input line 2958.
(pdftex.def)             Requested size: 6.73048pt x 6.47339pt.
 [121

 <../../charts/ch2_var_backtest.png>]
File: ../../charts/ch2_risk_comparison_table.png Graphic file (type png)
<use ../../charts/ch2_risk_comparison_table.png>
Package pdftex.def Info: ../../charts/ch2_risk_comparison_table.png  used on in
put line 2973.
(pdftex.def)             Requested size: 266.31529pt x 122.99654pt.
File: ql_logo.png Graphic file (type png)
<use ql_logo.png>
Package pdftex.def Info: ql_logo.png  used on input line 2973.
(pdftex.def)             Requested size: 6.73048pt x 6.47339pt.
 [122

] [123

]
<../../charts/ch2_spectral_weights.pdf, id=1776, 351.61989pt x 232.5518pt>
File: ../../charts/ch2_spectral_weights.pdf Graphic file (type pdf)
<use ../../charts/ch2_spectral_weights.pdf>
Package pdftex.def Info: ../../charts/ch2_spectral_weights.pdf  used on input l
ine 3006.
(pdftex.def)             Requested size: 204.85985pt x 135.49046pt.
File: ql_logo.png Graphic file (type png)
<use ql_logo.png>
Package pdftex.def Info: ql_logo.png  used on input line 3006.
(pdftex.def)             Requested size: 6.73048pt x 6.47339pt.
 [124

 <../../charts/ch2_spectral_weights.pdf>] [125

] [126

] [127

] [128

] [129

] [130

] [131

]
<../../charts/ch2_garch_t_fit.png, id=1890, 574.5465pt x 357.9774pt>
File: ../../charts/ch2_garch_t_fit.png Graphic file (type png)
<use ../../charts/ch2_garch_t_fit.png>
Package pdftex.def Info: ../../charts/ch2_garch_t_fit.png  used on input line 3
228.
(pdftex.def)             Requested size: 155.69548pt x 97.00476pt.
File: ql_logo.png Graphic file (type png)
<use ql_logo.png>
Package pdftex.def Info: ql_logo.png  used on input line 3228.
(pdftex.def)             Requested size: 6.73048pt x 6.47339pt.

[132

 <../../charts/ch2_garch_t_fit.png>]
<../../charts/ch2_gaussian_mixture.png, id=1898, 574.3056pt x 313.8927pt>
File: ../../charts/ch2_gaussian_mixture.png Graphic file (type png)
<use ../../charts/ch2_gaussian_mixture.png>
Package pdftex.def Info: ../../charts/ch2_gaussian_mixture.png  used on input l
ine 3260.
(pdftex.def)             Requested size: 149.75107pt x 81.84486pt.
File: ql_logo.png Graphic file (type png)
<use ql_logo.png>
Package pdftex.def Info: ql_logo.png  used on input line 3260.
(pdftex.def)             Requested size: 6.73048pt x 6.47339pt.
 [133

 <../../charts/ch2_gaussian_mixture.png>]
<../../charts/ch2_regime_classification.png, id=1907, 723.1818pt x 393.6306pt>
File: ../../charts/ch2_regime_classification.png Graphic file (type png)
<use ../../charts/ch2_regime_classification.png>
Package pdftex.def Info: ../../charts/ch2_regime_classification.png  used on in
put line 3275.
(pdftex.def)             Requested size: 225.34708pt x 122.65488pt.
File: ql_logo.png Graphic file (type png)
<use ql_logo.png>
Package pdftex.def Info: ql_logo.png  used on input line 3275.
(pdftex.def)             Requested size: 6.73048pt x 6.47339pt.
 [134

 <../../charts/ch2_regime_classification.png>] [135

] [136

] [137

]
[138

] [139

] [140

] [141

] [142

] [143

] [144

] [145

] [146

] [147

] [148

] [149

]
[150

] [151

] [152

] [153

] [154

] [155

] [156

] [157

] [158

] [159

] [160

] [161

]
[162

] [163

] [164

] [165

]
File: ql_logo.png Graphic file (type png)
<use ql_logo.png>
Package pdftex.def Info: ql_logo.png  used on input line 3942.
(pdftex.def)             Requested size: 6.18465pt x 5.94852pt.
File: ql_logo.png Graphic file (type png)
<use ql_logo.png>
Package pdftex.def Info: ql_logo.png  used on input line 3942.
(pdftex.def)             Requested size: 6.18465pt x 5.94852pt.
 [166

]
File: ql_logo.png Graphic file (type png)
<use ql_logo.png>
Package pdftex.def Info: ql_logo.png  used on input line 3964.
(pdftex.def)             Requested size: 6.18465pt x 5.94852pt.
File: ql_logo.png Graphic file (type png)
<use ql_logo.png>
Package pdftex.def Info: ql_logo.png  used on input line 3964.
(pdftex.def)             Requested size: 6.18465pt x 5.94852pt.
 [167

] [168

] [169

] [170

] [171

] [172

] [173

]
[174

] [175

] [176

] [177

] [178

] [179

] [180

] [181

] [182

] [183

] [184

]
File: ql_logo.png Graphic file (type png)
<use ql_logo.png>
Package pdftex.def Info: ql_logo.png  used on input line 4369.
(pdftex.def)             Requested size: 7.68993pt x 7.39821pt.
File: qr_logo.png Graphic file (type png)
<use qr_logo.png>
Package pdftex.def Info: qr_logo.png  used on input line 4369.
(pdftex.def)             Requested size: 9.92781pt x 7.39821pt.
 [185

]
\tf@nav=\write6
\openout6 = `chapter2_stable_distributions_ro.nav'.

\tf@toc=\write7
\openout7 = `chapter2_stable_distributions_ro.toc'.

\tf@snm=\write8
\openout8 = `chapter2_stable_distributions_ro.snm'.


(chapter2_stable_distributions_ro.aux)
 ***********
LaTeX2e <2023-11-01> patch level 1
L3 programming layer <2024-02-20>
 ***********


LaTeX Font Warning: Some font shapes were not available, defaults substituted.

Package rerunfilecheck Info: File `chapter2_stable_distributions_ro.out' has no
t changed.
(rerunfilecheck)             Checksum: 00C0E4C6EA4081E8388ECDC1F290DC5E;3345.
 ) 
Here is how much of TeX's memory you used:
 34115 strings out of 474436
 713644 string characters out of 5741955
 1947190 words of memory out of 5000000
 55377 multiletter control sequences out of 15000+600000
 617965 words of font info for 172 fonts, out of 8000000 for 9000
 1141 hyphenation exceptions out of 8191
 128i,18n,123p,409b,899s stack positions out of 10000i,1000n,20000p,200000b,200000s
 <C:\Users\danpe\AppData\Local\MiKTeX\fonts/pk/ljfour/jknappen/ec/dpi600\ecss
1728.pk> <C:\Users\danpe\AppData\Local\MiKTeX\fonts/pk/ljfour/jknappen/ec/dpi60
0\ectt0800.pk> <C:\Users\danpe\AppData\Local\MiKTeX\fonts/pk/ljfour/jknappen/ec
/dpi600\ecrm0900.pk> <C:\Users\danpe\AppData\Local\MiKTeX\fonts/pk/ljfour/jknap
pen/ec/dpi600\ecsi0500.pk> <C:\Users\danpe\AppData\Local\MiKTeX\fonts/pk/ljfour
/jknappen/ec/dpi600\ecsi0800.pk> <C:\Users\danpe\AppData\Local\MiKTeX\fonts/pk/
ljfour/jknappen/ec/dpi600\ectt0900.pk> <C:\Users\danpe\AppData\Local\MiKTeX\fon
ts/pk/ljfour/jknappen/ec/dpi450\ecso0800.pk> <C:\Users\danpe\AppData\Local\MiKT
eX\fonts/pk/ljfour/jknappen/ec/dpi600\ecso0900.pk> <C:\Users\danpe\AppData\Loca
l\MiKTeX\fonts/pk/ljfour/jknappen/ec/dpi600\ecsx0700.pk> <C:\Users\danpe\AppDat
a\Local\MiKTeX\fonts/pk/ljfour/jknappen/ec/dpi600\ecsi1095.pk> <C:\Users\danpe\
AppData\Local\MiKTeX\fonts/pk/ljfour/jknappen/ec/dpi600\ecss0700.pk> <C:\Users\
danpe\AppData\Local\MiKTeX\fonts/pk/ljfour/jknappen/ec/dpi600\ecsx1000.pk> <C:\
Users\danpe\AppData\Local\MiKTeX\fonts/pk/ljfour/jknappen/ec/dpi600\ecsx0800.pk
> <C:\Users\danpe\AppData\Local\MiKTeX\fonts/pk/ljfour/jknappen/ec/dpi600\ecsx1
728.pk> <C:\Users\danpe\AppData\Local\MiKTeX\fonts/pk/ljfour/jknappen/ec/dpi600
\ecsx1095.pk> <C:\Users\danpe\AppData\Local\MiKTeX\fonts/pk/ljfour/jknappen/ec/
dpi600\ecsi0900.pk> <C:\Users\danpe\AppData\Local\MiKTeX\fonts/pk/ljfour/jknapp
en/ec/dpi600\ecsx0500.pk> <C:\Users\danpe\AppData\Local\MiKTeX\fonts/pk/ljfour/
jknappen/ec/dpi600\ecsx0900.pk> <C:\Users\danpe\AppData\Local\MiKTeX\fonts/pk/l
jfour/jknappen/ec/dpi600\ecss1000.pk> <C:\Users\danpe\AppData\Local\MiKTeX\font
s/pk/ljfour/jknappen/ec/dpi600\ecss0600.pk> <C:\Users\danpe\AppData\Local\MiKTe
X\fonts/pk/ljfour/jknappen/ec/dpi600\ecss1095.pk> <C:\Users\danpe\AppData\Local
\MiKTeX\fonts/pk/ljfour/jknappen/ec/dpi600\ecss0800.pk> <C:\Users\danpe\AppData
\Local\MiKTeX\fonts/pk/ljfour/jknappen/ec/dpi600\ecss0500.pk> <C:\Users\danpe\A
ppData\Local\MiKTeX\fonts/pk/ljfour/jknappen/ec/dpi600\ecss0900.pk> <C:\Users\d
anpe\AppData\Local\MiKTeX\fonts/pk/ljfour/jknappen/ec/dpi600\ecsx0600.pk> <C:\U
sers\danpe\AppData\Local\MiKTeX\fonts/pk/ljfour/jknappen/ec/dpi600\ecsx1200.pk>
<C:/Users/danpe/AppData/Local/Programs/MiKTeX/fonts/type1/public/amsfonts/cmext
ra/cmbsy8.pfb><C:/Users/danpe/AppData/Local/Programs/MiKTeX/fonts/type1/public/
amsfonts/cm/cmbx6.pfb><C:/Users/danpe/AppData/Local/Programs/MiKTeX/fonts/type1
/public/amsfonts/cmextra/cmex7.pfb><C:/Users/danpe/AppData/Local/Programs/MiKTe
X/fonts/type1/public/amsfonts/cmextra/cmex8.pfb><C:/Users/danpe/AppData/Local/P
rograms/MiKTeX/fonts/type1/public/amsfonts/cmextra/cmex9.pfb><C:/Users/danpe/Ap
pData/Local/Programs/MiKTeX/fonts/type1/public/amsfonts/cm/cmmi10.pfb><C:/Users
/danpe/AppData/Local/Programs/MiKTeX/fonts/type1/public/amsfonts/cm/cmmi5.pfb><
C:/Users/danpe/AppData/Local/Programs/MiKTeX/fonts/type1/public/amsfonts/cm/cmm
i6.pfb><C:/Users/danpe/AppData/Local/Programs/MiKTeX/fonts/type1/public/amsfont
s/cm/cmmi7.pfb><C:/Users/danpe/AppData/Local/Programs/MiKTeX/fonts/type1/public
/amsfonts/cm/cmmi8.pfb><C:/Users/danpe/AppData/Local/Programs/MiKTeX/fonts/type
1/public/amsfonts/cm/cmmi9.pfb><C:/Users/danpe/AppData/Local/Programs/MiKTeX/fo
nts/type1/public/amsfonts/cmextra/cmmib6.pfb><C:/Users/danpe/AppData/Local/Prog
rams/MiKTeX/fonts/type1/public/amsfonts/cm/cmss8.pfb><C:/Users/danpe/AppData/Lo
cal/Programs/MiKTeX/fonts/type1/public/amsfonts/cm/cmss9.pfb><C:/Users/danpe/Ap
pData/Local/Programs/MiKTeX/fonts/type1/public/amsfonts/cm/cmssi10.pfb><C:/User
s/danpe/AppData/Local/Programs/MiKTeX/fonts/type1/public/amsfonts/cm/cmssi8.pfb
><C:/Users/danpe/AppData/Local/Programs/MiKTeX/fonts/type1/public/amsfonts/cm/c
mssi9.pfb><C:/Users/danpe/AppData/Local/Programs/MiKTeX/fonts/type1/public/amsf
onts/cm/cmsy10.pfb><C:/Users/danpe/AppData/Local/Programs/MiKTeX/fonts/type1/pu
blic/amsfonts/cm/cmsy5.pfb><C:/Users/danpe/AppData/Local/Programs/MiKTeX/fonts/
type1/public/amsfonts/cm/cmsy6.pfb><C:/Users/danpe/AppData/Local/Programs/MiKTe
X/fonts/type1/public/amsfonts/cm/cmsy7.pfb><C:/Users/danpe/AppData/Local/Progra
ms/MiKTeX/fonts/type1/public/amsfonts/cm/cmsy8.pfb><C:/Users/danpe/AppData/Loca
l/Programs/MiKTeX/fonts/type1/public/amsfonts/cm/cmsy9.pfb><C:/Users/danpe/AppD
ata/Local/Programs/MiKTeX/fonts/type1/public/amsfonts/symbols/msam10.pfb><C:/Us
ers/danpe/AppData/Local/Programs/MiKTeX/fonts/type1/public/amsfonts/symbols/msa
m7.pfb><C:/Users/danpe/AppData/Local/Programs/MiKTeX/fonts/type1/public/amsfont
s/symbols/msbm10.pfb><C:/Users/danpe/AppData/Local/Programs/MiKTeX/fonts/type1/
urw/zapfding/uzdr.pfb>
Output written on chapter2_stable_distributions_ro.pdf (185 pages, 6317828 byte
s).
PDF statistics:
 3328 PDF objects out of 3580 (max. 8388607)
 389 named destinations out of 1000 (max. 500000)
 413 words of extra memory for PDF output out of 10000 (max. 10000000)

